2022-10-01 14:44:29.812  INFO 15368 --- [restartedMain] i.t.p.ProyectoPrepofesionalesApplication : Starting ProyectoPrepofesionalesApplication using Java 17.0.3 on BRA-015-YAN-026 with PID 15368 (C:\M4A_SPRING\Spring_M4A_Projects\ProyectoPrepofesionales_prueba\target\classes started by BRYAN_CABRERA in C:\M4A_SPRING\Spring_M4A_Projects\ProyectoPrepofesionales_prueba)
2022-10-01 14:44:29.818  INFO 15368 --- [restartedMain] i.t.p.ProyectoPrepofesionalesApplication : No active profile set, falling back to 1 default profile: "default"
2022-10-01 14:44:29.904  INFO 15368 --- [restartedMain] .e.DevToolsPropertyDefaultsPostProcessor : Devtools property defaults active! Set 'spring.devtools.add-properties' to 'false' to disable
2022-10-01 14:44:29.905  INFO 15368 --- [restartedMain] .e.DevToolsPropertyDefaultsPostProcessor : For additional web related logging consider setting the 'logging.level.web' property to 'DEBUG'
2022-10-01 14:44:31.376  INFO 15368 --- [restartedMain] .s.d.r.c.RepositoryConfigurationDelegate : Bootstrapping Spring Data JPA repositories in DEFAULT mode.
2022-10-01 14:44:31.641  INFO 15368 --- [restartedMain] .s.d.r.c.RepositoryConfigurationDelegate : Finished Spring Data repository scanning in 243 ms. Found 36 JPA repository interfaces.
2022-10-01 14:44:31.642  INFO 15368 --- [restartedMain] .s.d.r.c.RepositoryConfigurationDelegate : Bootstrapping Spring Data JPA repositories in DEFAULT mode.
2022-10-01 14:44:31.656  INFO 15368 --- [restartedMain] .s.d.r.c.RepositoryConfigurationDelegate : Finished Spring Data repository scanning in 13 ms. Found 2 JPA repository interfaces.
2022-10-01 14:44:33.024  INFO 15368 --- [restartedMain] o.s.b.w.embedded.tomcat.TomcatWebServer  : Tomcat initialized with port(s): 8080 (http)
2022-10-01 14:44:33.040  INFO 15368 --- [restartedMain] o.apache.catalina.core.StandardService   : Starting service [Tomcat]
2022-10-01 14:44:33.041  INFO 15368 --- [restartedMain] org.apache.catalina.core.StandardEngine  : Starting Servlet engine: [Apache Tomcat/9.0.65]
2022-10-01 14:44:33.151  INFO 15368 --- [restartedMain] o.a.c.c.C.[Tomcat].[localhost].[/]       : Initializing Spring embedded WebApplicationContext
2022-10-01 14:44:33.151  INFO 15368 --- [restartedMain] w.s.c.ServletWebServerApplicationContext : Root WebApplicationContext: initialization completed in 3245 ms
2022-10-01 14:44:33.411  INFO 15368 --- [restartedMain] o.hibernate.jpa.internal.util.LogHelper  : HHH000204: Processing PersistenceUnitInfo [name: primaryPersistenceUnit]
2022-10-01 14:44:33.493  INFO 15368 --- [restartedMain] org.hibernate.Version                    : HHH000412: Hibernate ORM core version 5.6.10.Final
2022-10-01 14:44:33.815  INFO 15368 --- [restartedMain] o.hibernate.annotations.common.Version   : HCANN000001: Hibernate Commons Annotations {5.1.2.Final}
2022-10-01 14:44:34.229  INFO 15368 --- [restartedMain] com.zaxxer.hikari.HikariDataSource       : HikariPool-1 - Starting...
2022-10-01 14:44:34.487  INFO 15368 --- [restartedMain] com.zaxxer.hikari.HikariDataSource       : HikariPool-1 - Start completed.
2022-10-01 14:44:34.528  INFO 15368 --- [restartedMain] org.hibernate.dialect.Dialect            : HHH000400: Using dialect: org.hibernate.dialect.PostgreSQLDialect
2022-10-01 14:44:36.778  INFO 15368 --- [restartedMain] o.h.e.t.j.p.i.JtaPlatformInitiator       : HHH000490: Using JtaPlatform implementation: [org.hibernate.engine.transaction.jta.platform.internal.NoJtaPlatform]
2022-10-01 14:44:36.801  INFO 15368 --- [restartedMain] j.LocalContainerEntityManagerFactoryBean : Initialized JPA EntityManagerFactory for persistence unit 'primaryPersistenceUnit'
2022-10-01 14:44:36.875  INFO 15368 --- [restartedMain] o.hibernate.jpa.internal.util.LogHelper  : HHH000204: Processing PersistenceUnitInfo [name: secondaryPersistenceUnit]
2022-10-01 14:44:37.045  INFO 15368 --- [restartedMain] com.zaxxer.hikari.HikariDataSource       : HikariPool-2 - Starting...
2022-10-01 14:44:37.170  INFO 15368 --- [restartedMain] com.zaxxer.hikari.HikariDataSource       : HikariPool-2 - Start completed.
2022-10-01 14:44:37.171  INFO 15368 --- [restartedMain] org.hibernate.dialect.Dialect            : HHH000400: Using dialect: org.hibernate.dialect.PostgreSQLDialect
2022-10-01 14:44:37.471  INFO 15368 --- [restartedMain] o.h.e.t.j.p.i.JtaPlatformInitiator       : HHH000490: Using JtaPlatform implementation: [org.hibernate.engine.transaction.jta.platform.internal.NoJtaPlatform]
2022-10-01 14:44:37.472  INFO 15368 --- [restartedMain] j.LocalContainerEntityManagerFactoryBean : Initialized JPA EntityManagerFactory for persistence unit 'secondaryPersistenceUnit'
2022-10-01 14:44:40.009  WARN 15368 --- [restartedMain] JpaBaseConfiguration$JpaWebConfiguration : spring.jpa.open-in-view is enabled by default. Therefore, database queries may be performed during view rendering. Explicitly configure spring.jpa.open-in-view to disable this warning
2022-10-01 14:44:40.249  INFO 15368 --- [restartedMain] pertySourcedRequestMappingHandlerMapping : Mapped URL path [/v2/api-docs] onto method [springfox.documentation.swagger2.web.Swagger2Controller#getDocumentation(String, HttpServletRequest)]
2022-10-01 14:44:40.678  INFO 15368 --- [restartedMain] o.s.b.d.a.OptionalLiveReloadServer       : LiveReload server is running on port 35729
2022-10-01 14:44:41.132  WARN 15368 --- [restartedMain] ion$DefaultTemplateResolverConfiguration : Cannot find template location: classpath:/templates/ (please add some templates or check your Thymeleaf configuration)
2022-10-01 14:44:41.427  INFO 15368 --- [restartedMain] o.s.b.w.embedded.tomcat.TomcatWebServer  : Tomcat started on port(s): 8080 (http) with context path ''
2022-10-01 14:44:41.429  INFO 15368 --- [restartedMain] d.s.w.p.DocumentationPluginsBootstrapper : Context refreshed
2022-10-01 14:44:41.494  INFO 15368 --- [restartedMain] d.s.w.p.DocumentationPluginsBootstrapper : Found 1 custom documentation plugin(s)
2022-10-01 14:44:41.604  INFO 15368 --- [restartedMain] s.d.s.w.s.ApiListingReferenceScanner     : Scanning for api listing references
2022-10-01 14:44:42.011  INFO 15368 --- [restartedMain] .d.s.w.r.o.CachingOperationNameGenerator : Generating unique operation named: indextUsingGET_1
2022-10-01 14:44:42.092  INFO 15368 --- [restartedMain] .d.s.w.r.o.CachingOperationNameGenerator : Generating unique operation named: BuscarUsingGET_1
2022-10-01 14:44:42.101  INFO 15368 --- [restartedMain] .d.s.w.r.o.CachingOperationNameGenerator : Generating unique operation named: EliminarUsingDELETE_1
2022-10-01 14:44:42.119  INFO 15368 --- [restartedMain] .d.s.w.r.o.CachingOperationNameGenerator : Generating unique operation named: GuardarUsingPOST_1
2022-10-01 14:44:42.130  INFO 15368 --- [restartedMain] .d.s.w.r.o.CachingOperationNameGenerator : Generating unique operation named: indextUsingGET_2
2022-10-01 14:44:42.142  INFO 15368 --- [restartedMain] .d.s.w.r.o.CachingOperationNameGenerator : Generating unique operation named: indextUsingGET_3
2022-10-01 14:44:42.232  INFO 15368 --- [restartedMain] .d.s.w.r.o.CachingOperationNameGenerator : Generating unique operation named: createUsingPOST_1
2022-10-01 14:44:42.240  INFO 15368 --- [restartedMain] .d.s.w.r.o.CachingOperationNameGenerator : Generating unique operation named: deleteUsingPUT_1
2022-10-01 14:44:42.249  INFO 15368 --- [restartedMain] .d.s.w.r.o.CachingOperationNameGenerator : Generating unique operation named: indexUsingGET_1
2022-10-01 14:44:42.257  INFO 15368 --- [restartedMain] .d.s.w.r.o.CachingOperationNameGenerator : Generating unique operation named: showUsingGET_1
2022-10-01 14:44:42.281  INFO 15368 --- [restartedMain] .d.s.w.r.o.CachingOperationNameGenerator : Generating unique operation named: createUsingPOST_2
2022-10-01 14:44:42.289  INFO 15368 --- [restartedMain] .d.s.w.r.o.CachingOperationNameGenerator : Generating unique operation named: deleteUsingPUT_2
2022-10-01 14:44:42.299  INFO 15368 --- [restartedMain] .d.s.w.r.o.CachingOperationNameGenerator : Generating unique operation named: indexUsingGET_2
2022-10-01 14:44:42.307  INFO 15368 --- [restartedMain] .d.s.w.r.o.CachingOperationNameGenerator : Generating unique operation named: showUsingGET_2
2022-10-01 14:44:42.337  INFO 15368 --- [restartedMain] .d.s.w.r.o.CachingOperationNameGenerator : Generating unique operation named: createUsingPOST_3
2022-10-01 14:44:42.345  INFO 15368 --- [restartedMain] .d.s.w.r.o.CachingOperationNameGenerator : Generating unique operation named: deleteUsingPUT_3
2022-10-01 14:44:42.354  INFO 15368 --- [restartedMain] .d.s.w.r.o.CachingOperationNameGenerator : Generating unique operation named: indexUsingGET_3
2022-10-01 14:44:42.362  INFO 15368 --- [restartedMain] .d.s.w.r.o.CachingOperationNameGenerator : Generating unique operation named: showUsingGET_3
2022-10-01 14:44:42.388  INFO 15368 --- [restartedMain] .d.s.w.r.o.CachingOperationNameGenerator : Generating unique operation named: createUsingPOST_4
2022-10-01 14:44:42.395  INFO 15368 --- [restartedMain] .d.s.w.r.o.CachingOperationNameGenerator : Generating unique operation named: deleteUsingPUT_4
2022-10-01 14:44:42.406  INFO 15368 --- [restartedMain] .d.s.w.r.o.CachingOperationNameGenerator : Generating unique operation named: indexUsingGET_4
2022-10-01 14:44:42.416  INFO 15368 --- [restartedMain] .d.s.w.r.o.CachingOperationNameGenerator : Generating unique operation named: showUsingGET_4
2022-10-01 14:44:42.450  INFO 15368 --- [restartedMain] .d.s.w.r.o.CachingOperationNameGenerator : Generating unique operation named: createUsingPOST_5
2022-10-01 14:44:42.459  INFO 15368 --- [restartedMain] .d.s.w.r.o.CachingOperationNameGenerator : Generating unique operation named: deleteUsingPUT_5
2022-10-01 14:44:42.469  INFO 15368 --- [restartedMain] .d.s.w.r.o.CachingOperationNameGenerator : Generating unique operation named: indexUsingGET_5
2022-10-01 14:44:42.480  INFO 15368 --- [restartedMain] .d.s.w.r.o.CachingOperationNameGenerator : Generating unique operation named: showUsingGET_5
2022-10-01 14:44:42.509  INFO 15368 --- [restartedMain] .d.s.w.r.o.CachingOperationNameGenerator : Generating unique operation named: createUsingPOST_6
2022-10-01 14:44:42.516  INFO 15368 --- [restartedMain] .d.s.w.r.o.CachingOperationNameGenerator : Generating unique operation named: deleteUsingPUT_6
2022-10-01 14:44:42.525  INFO 15368 --- [restartedMain] .d.s.w.r.o.CachingOperationNameGenerator : Generating unique operation named: indexUsingGET_6
2022-10-01 14:44:42.536  INFO 15368 --- [restartedMain] .d.s.w.r.o.CachingOperationNameGenerator : Generating unique operation named: showUsingGET_6
2022-10-01 14:44:42.564  INFO 15368 --- [restartedMain] .d.s.w.r.o.CachingOperationNameGenerator : Generating unique operation named: createUsingPOST_7
2022-10-01 14:44:42.571  INFO 15368 --- [restartedMain] .d.s.w.r.o.CachingOperationNameGenerator : Generating unique operation named: deleteUsingPUT_7
2022-10-01 14:44:42.579  INFO 15368 --- [restartedMain] .d.s.w.r.o.CachingOperationNameGenerator : Generating unique operation named: indexUsingGET_7
2022-10-01 14:44:42.589  INFO 15368 --- [restartedMain] .d.s.w.r.o.CachingOperationNameGenerator : Generating unique operation named: showUsingGET_7
2022-10-01 14:44:42.711  INFO 15368 --- [restartedMain] .d.s.w.r.o.CachingOperationNameGenerator : Generating unique operation named: createUsingPOST_8
2022-10-01 14:44:42.716  INFO 15368 --- [restartedMain] .d.s.w.r.o.CachingOperationNameGenerator : Generating unique operation named: deleteUsingPUT_8
2022-10-01 14:44:42.723  INFO 15368 --- [restartedMain] .d.s.w.r.o.CachingOperationNameGenerator : Generating unique operation named: indexUsingGET_8
2022-10-01 14:44:42.730  INFO 15368 --- [restartedMain] .d.s.w.r.o.CachingOperationNameGenerator : Generating unique operation named: showUsingGET_8
2022-10-01 14:44:42.755  INFO 15368 --- [restartedMain] .d.s.w.r.o.CachingOperationNameGenerator : Generating unique operation named: createUsingPOST_9
2022-10-01 14:44:42.762  INFO 15368 --- [restartedMain] .d.s.w.r.o.CachingOperationNameGenerator : Generating unique operation named: deleteUsingPUT_9
2022-10-01 14:44:42.770  INFO 15368 --- [restartedMain] .d.s.w.r.o.CachingOperationNameGenerator : Generating unique operation named: indexUsingGET_9
2022-10-01 14:44:42.778  INFO 15368 --- [restartedMain] .d.s.w.r.o.CachingOperationNameGenerator : Generating unique operation named: showUsingGET_9
2022-10-01 14:44:42.804  INFO 15368 --- [restartedMain] .d.s.w.r.o.CachingOperationNameGenerator : Generating unique operation named: createUsingPOST_10
2022-10-01 14:44:42.811  INFO 15368 --- [restartedMain] .d.s.w.r.o.CachingOperationNameGenerator : Generating unique operation named: deleteUsingPUT_10
2022-10-01 14:44:42.818  INFO 15368 --- [restartedMain] .d.s.w.r.o.CachingOperationNameGenerator : Generating unique operation named: indexUsingGET_10
2022-10-01 14:44:42.826  INFO 15368 --- [restartedMain] .d.s.w.r.o.CachingOperationNameGenerator : Generating unique operation named: showUsingGET_10
2022-10-01 14:44:42.852  INFO 15368 --- [restartedMain] .d.s.w.r.o.CachingOperationNameGenerator : Generating unique operation named: createUsingPOST_11
2022-10-01 14:44:42.859  INFO 15368 --- [restartedMain] .d.s.w.r.o.CachingOperationNameGenerator : Generating unique operation named: deleteUsingPUT_11
2022-10-01 14:44:42.867  INFO 15368 --- [restartedMain] .d.s.w.r.o.CachingOperationNameGenerator : Generating unique operation named: indexUsingGET_11
2022-10-01 14:44:42.874  INFO 15368 --- [restartedMain] .d.s.w.r.o.CachingOperationNameGenerator : Generating unique operation named: showUsingGET_11
2022-10-01 14:44:42.902  INFO 15368 --- [restartedMain] .d.s.w.r.o.CachingOperationNameGenerator : Generating unique operation named: createUsingPOST_12
2022-10-01 14:44:42.908  INFO 15368 --- [restartedMain] .d.s.w.r.o.CachingOperationNameGenerator : Generating unique operation named: deleteUsingPUT_12
2022-10-01 14:44:42.916  INFO 15368 --- [restartedMain] .d.s.w.r.o.CachingOperationNameGenerator : Generating unique operation named: indexUsingGET_12
2022-10-01 14:44:42.924  INFO 15368 --- [restartedMain] .d.s.w.r.o.CachingOperationNameGenerator : Generating unique operation named: showUsingGET_12
2022-10-01 14:44:42.948  INFO 15368 --- [restartedMain] .d.s.w.r.o.CachingOperationNameGenerator : Generating unique operation named: createUsingPOST_13
2022-10-01 14:44:42.958  INFO 15368 --- [restartedMain] .d.s.w.r.o.CachingOperationNameGenerator : Generating unique operation named: indexUsingGET_13
2022-10-01 14:44:42.967  INFO 15368 --- [restartedMain] .d.s.w.r.o.CachingOperationNameGenerator : Generating unique operation named: showUsingGET_13
2022-10-01 14:44:43.002  INFO 15368 --- [restartedMain] .d.s.w.r.o.CachingOperationNameGenerator : Generating unique operation named: createUsingPOST_14
2022-10-01 14:44:43.010  INFO 15368 --- [restartedMain] .d.s.w.r.o.CachingOperationNameGenerator : Generating unique operation named: deleteUsingPUT_13
2022-10-01 14:44:43.019  INFO 15368 --- [restartedMain] .d.s.w.r.o.CachingOperationNameGenerator : Generating unique operation named: indexUsingGET_14
2022-10-01 14:44:43.027  INFO 15368 --- [restartedMain] .d.s.w.r.o.CachingOperationNameGenerator : Generating unique operation named: showUsingGET_14
2022-10-01 14:44:43.092  INFO 15368 --- [restartedMain] .d.s.w.r.o.CachingOperationNameGenerator : Generating unique operation named: indexUsingGET_15
2022-10-01 14:44:43.114  INFO 15368 --- [restartedMain] .d.s.w.r.o.CachingOperationNameGenerator : Generating unique operation named: createUsingPOST_15
2022-10-01 14:44:43.120  INFO 15368 --- [restartedMain] .d.s.w.r.o.CachingOperationNameGenerator : Generating unique operation named: deleteUsingPUT_14
2022-10-01 14:44:43.127  INFO 15368 --- [restartedMain] .d.s.w.r.o.CachingOperationNameGenerator : Generating unique operation named: indexUsingGET_16
2022-10-01 14:44:43.135  INFO 15368 --- [restartedMain] .d.s.w.r.o.CachingOperationNameGenerator : Generating unique operation named: showUsingGET_15
2022-10-01 14:44:43.247  INFO 15368 --- [restartedMain] .d.s.w.r.o.CachingOperationNameGenerator : Generating unique operation named: createUsingPOST_16
2022-10-01 14:44:43.252  INFO 15368 --- [restartedMain] .d.s.w.r.o.CachingOperationNameGenerator : Generating unique operation named: deleteUsingPUT_15
2022-10-01 14:44:43.258  INFO 15368 --- [restartedMain] .d.s.w.r.o.CachingOperationNameGenerator : Generating unique operation named: indexUsingGET_17
2022-10-01 14:44:43.264  INFO 15368 --- [restartedMain] .d.s.w.r.o.CachingOperationNameGenerator : Generating unique operation named: showUsingGET_16
2022-10-01 14:44:43.288  INFO 15368 --- [restartedMain] .d.s.w.r.o.CachingOperationNameGenerator : Generating unique operation named: createUsingPOST_17
2022-10-01 14:44:43.293  INFO 15368 --- [restartedMain] .d.s.w.r.o.CachingOperationNameGenerator : Generating unique operation named: deleteUsingPUT_16
2022-10-01 14:44:43.300  INFO 15368 --- [restartedMain] .d.s.w.r.o.CachingOperationNameGenerator : Generating unique operation named: indexUsingGET_18
2022-10-01 14:44:43.307  INFO 15368 --- [restartedMain] .d.s.w.r.o.CachingOperationNameGenerator : Generating unique operation named: showUsingGET_17
2022-10-01 14:44:43.332  INFO 15368 --- [restartedMain] .d.s.w.r.o.CachingOperationNameGenerator : Generating unique operation named: createUsingPOST_18
2022-10-01 14:44:43.337  INFO 15368 --- [restartedMain] .d.s.w.r.o.CachingOperationNameGenerator : Generating unique operation named: deleteUsingDELETE_1
2022-10-01 14:44:43.342  INFO 15368 --- [restartedMain] .d.s.w.r.o.CachingOperationNameGenerator : Generating unique operation named: indexUsingGET_19
2022-10-01 14:44:43.349  INFO 15368 --- [restartedMain] .d.s.w.r.o.CachingOperationNameGenerator : Generating unique operation named: showUsingGET_18
2022-10-01 14:44:43.356  INFO 15368 --- [restartedMain] .d.s.w.r.o.CachingOperationNameGenerator : Generating unique operation named: updateUsingPUT_1
2022-10-01 14:44:43.378  INFO 15368 --- [restartedMain] .d.s.w.r.o.CachingOperationNameGenerator : Generating unique operation named: createUsingPOST_19
2022-10-01 14:44:43.385  INFO 15368 --- [restartedMain] .d.s.w.r.o.CachingOperationNameGenerator : Generating unique operation named: deleteUsingPUT_17
2022-10-01 14:44:43.393  INFO 15368 --- [restartedMain] .d.s.w.r.o.CachingOperationNameGenerator : Generating unique operation named: findbyconvUsingGET_1
2022-10-01 14:44:43.399  INFO 15368 --- [restartedMain] .d.s.w.r.o.CachingOperationNameGenerator : Generating unique operation named: indexUsingGET_20
2022-10-01 14:44:43.406  INFO 15368 --- [restartedMain] .d.s.w.r.o.CachingOperationNameGenerator : Generating unique operation named: showUsingGET_19
2022-10-01 14:44:43.433  INFO 15368 --- [restartedMain] .d.s.w.r.o.CachingOperationNameGenerator : Generating unique operation named: createUsingPOST_20
2022-10-01 14:44:43.440  INFO 15368 --- [restartedMain] .d.s.w.r.o.CachingOperationNameGenerator : Generating unique operation named: deleteUsingDELETE_2
2022-10-01 14:44:43.448  INFO 15368 --- [restartedMain] .d.s.w.r.o.CachingOperationNameGenerator : Generating unique operation named: indexUsingGET_21
2022-10-01 14:44:43.455  INFO 15368 --- [restartedMain] .d.s.w.r.o.CachingOperationNameGenerator : Generating unique operation named: showUsingGET_20
2022-10-01 14:44:43.464  INFO 15368 --- [restartedMain] .d.s.w.r.o.CachingOperationNameGenerator : Generating unique operation named: updateUsingPUT_2
2022-10-01 14:44:43.494  INFO 15368 --- [restartedMain] .d.s.w.r.o.CachingOperationNameGenerator : Generating unique operation named: createUsingPOST_21
2022-10-01 14:44:43.500  INFO 15368 --- [restartedMain] .d.s.w.r.o.CachingOperationNameGenerator : Generating unique operation named: deleteUsingDELETE_3
2022-10-01 14:44:43.508  INFO 15368 --- [restartedMain] .d.s.w.r.o.CachingOperationNameGenerator : Generating unique operation named: indexUsingGET_22
2022-10-01 14:44:43.515  INFO 15368 --- [restartedMain] .d.s.w.r.o.CachingOperationNameGenerator : Generating unique operation named: showUsingGET_21
2022-10-01 14:44:43.528  INFO 15368 --- [restartedMain] .d.s.w.r.o.CachingOperationNameGenerator : Generating unique operation named: updateUsingPUT_3
2022-10-01 14:44:43.554  INFO 15368 --- [restartedMain] .d.s.w.r.o.CachingOperationNameGenerator : Generating unique operation named: createUsingPOST_22
2022-10-01 14:44:43.560  INFO 15368 --- [restartedMain] .d.s.w.r.o.CachingOperationNameGenerator : Generating unique operation named: deleteUsingPUT_18
2022-10-01 14:44:43.568  INFO 15368 --- [restartedMain] .d.s.w.r.o.CachingOperationNameGenerator : Generating unique operation named: indexUsingGET_23
2022-10-01 14:44:43.576  INFO 15368 --- [restartedMain] .d.s.w.r.o.CachingOperationNameGenerator : Generating unique operation named: showUsingGET_22
2022-10-01 14:44:43.583  INFO 15368 --- [restartedMain] .d.s.w.r.o.CachingOperationNameGenerator : Generating unique operation named: openapiJsonUsingGET_1
2022-10-01 14:44:43.616  INFO 15368 --- [restartedMain] .d.s.w.r.o.CachingOperationNameGenerator : Generating unique operation named: createUsingPOST_23
2022-10-01 14:44:43.620  INFO 15368 --- [restartedMain] .d.s.w.r.o.CachingOperationNameGenerator : Generating unique operation named: deleteUsingDELETE_4
2022-10-01 14:44:43.626  INFO 15368 --- [restartedMain] .d.s.w.r.o.CachingOperationNameGenerator : Generating unique operation named: indexUsingGET_24
2022-10-01 14:44:43.632  INFO 15368 --- [restartedMain] .d.s.w.r.o.CachingOperationNameGenerator : Generating unique operation named: showUsingGET_23
2022-10-01 14:44:43.642  INFO 15368 --- [restartedMain] .d.s.w.r.o.CachingOperationNameGenerator : Generating unique operation named: indexUsingGET_25
2022-10-01 14:44:43.650  INFO 15368 --- [restartedMain] .d.s.w.r.o.CachingOperationNameGenerator : Generating unique operation named: showUsingGET_24
2022-10-01 14:44:43.669  INFO 15368 --- [restartedMain] .d.s.w.r.o.CachingOperationNameGenerator : Generating unique operation named: indexUsingGET_26
2022-10-01 14:44:43.679  INFO 15368 --- [restartedMain] .d.s.w.r.o.CachingOperationNameGenerator : Generating unique operation named: findbyconvUsingGET_2
2022-10-01 14:44:43.686  INFO 15368 --- [restartedMain] .d.s.w.r.o.CachingOperationNameGenerator : Generating unique operation named: indexUsingGET_27
2022-10-01 14:44:43.697  INFO 15368 --- [restartedMain] .d.s.w.r.o.CachingOperationNameGenerator : Generating unique operation named: buscarXidUsingGET_1
2022-10-01 14:44:43.704  INFO 15368 --- [restartedMain] .d.s.w.r.o.CachingOperationNameGenerator : Generating unique operation named: indexUsingGET_28
2022-10-01 14:44:43.718  INFO 15368 --- [restartedMain] .d.s.w.r.o.CachingOperationNameGenerator : Generating unique operation named: buscarXidUsingGET_2
2022-10-01 14:44:43.725  INFO 15368 --- [restartedMain] .d.s.w.r.o.CachingOperationNameGenerator : Generating unique operation named: indexUsingGET_29
2022-10-01 14:44:43.735  INFO 15368 --- [restartedMain] .d.s.w.r.o.CachingOperationNameGenerator : Generating unique operation named: indexUsingGET_30
2022-10-01 14:44:43.747  INFO 15368 --- [restartedMain] .d.s.w.r.o.CachingOperationNameGenerator : Generating unique operation named: indexUsingGET_31
2022-10-01 14:44:43.823  INFO 15368 --- [restartedMain] i.t.p.ProyectoPrepofesionalesApplication : Started ProyectoPrepofesionalesApplication in 14.826 seconds (JVM running for 16.217)
2022-10-01 14:49:25.125  INFO 15368 --- [http-nio-8080-exec-1] o.a.c.c.C.[Tomcat].[localhost].[/]       : Initializing Spring DispatcherServlet 'dispatcherServlet'
2022-10-01 14:49:25.129  INFO 15368 --- [http-nio-8080-exec-1] o.s.web.servlet.DispatcherServlet        : Initializing Servlet 'dispatcherServlet'
2022-10-01 14:49:25.159  INFO 15368 --- [http-nio-8080-exec-1] o.s.web.servlet.DispatcherServlet        : Completed initialization in 30 ms
2022-10-01 14:49:25.927  WARN 15368 --- [http-nio-8080-exec-2] o.h.engine.jdbc.spi.SqlExceptionHelper   : SQL Error: 0, SQLState: 42703
2022-10-01 14:49:25.928 ERROR 15368 --- [http-nio-8080-exec-2] o.h.engine.jdbc.spi.SqlExceptionHelper   : ERROR: no existe la columna viewcoordi0_.cedula
  Position: 8
2022-10-01 14:49:25.965 ERROR 15368 --- [http-nio-8080-exec-2] o.a.c.c.C.[.[.[/].[dispatcherServlet]    : Servlet.service() for servlet [dispatcherServlet] in context with path [] threw exception [Request processing failed; nested exception is org.springframework.dao.InvalidDataAccessResourceUsageException: could not extract ResultSet; SQL [n/a]; nested exception is org.hibernate.exception.SQLGrammarException: could not extract ResultSet] with root cause

org.postgresql.util.PSQLException: ERROR: no existe la columna viewcoordi0_.cedula
  Position: 8
	at org.postgresql.core.v3.QueryExecutorImpl.receiveErrorResponse(QueryExecutorImpl.java:2675) ~[postgresql-42.3.6.jar:42.3.6]
	at org.postgresql.core.v3.QueryExecutorImpl.processResults(QueryExecutorImpl.java:2365) ~[postgresql-42.3.6.jar:42.3.6]
	at org.postgresql.core.v3.QueryExecutorImpl.execute(QueryExecutorImpl.java:355) ~[postgresql-42.3.6.jar:42.3.6]
	at org.postgresql.jdbc.PgStatement.executeInternal(PgStatement.java:490) ~[postgresql-42.3.6.jar:42.3.6]
	at org.postgresql.jdbc.PgStatement.execute(PgStatement.java:408) ~[postgresql-42.3.6.jar:42.3.6]
	at org.postgresql.jdbc.PgPreparedStatement.executeWithFlags(PgPreparedStatement.java:167) ~[postgresql-42.3.6.jar:42.3.6]
	at org.postgresql.jdbc.PgPreparedStatement.executeQuery(PgPreparedStatement.java:119) ~[postgresql-42.3.6.jar:42.3.6]
	at com.zaxxer.hikari.pool.ProxyPreparedStatement.executeQuery(ProxyPreparedStatement.java:52) ~[HikariCP-4.0.3.jar:na]
	at com.zaxxer.hikari.pool.HikariProxyPreparedStatement.executeQuery(HikariProxyPreparedStatement.java) ~[HikariCP-4.0.3.jar:na]
	at org.hibernate.engine.jdbc.internal.ResultSetReturnImpl.extract(ResultSetReturnImpl.java:57) ~[hibernate-core-5.6.10.Final.jar:5.6.10.Final]
	at org.hibernate.loader.Loader.getResultSet(Loader.java:2322) ~[hibernate-core-5.6.10.Final.jar:5.6.10.Final]
	at org.hibernate.loader.Loader.executeQueryStatement(Loader.java:2075) ~[hibernate-core-5.6.10.Final.jar:5.6.10.Final]
	at org.hibernate.loader.Loader.executeQueryStatement(Loader.java:2037) ~[hibernate-core-5.6.10.Final.jar:5.6.10.Final]
	at org.hibernate.loader.Loader.doQuery(Loader.java:956) ~[hibernate-core-5.6.10.Final.jar:5.6.10.Final]
	at org.hibernate.loader.Loader.doQueryAndInitializeNonLazyCollections(Loader.java:357) ~[hibernate-core-5.6.10.Final.jar:5.6.10.Final]
	at org.hibernate.loader.Loader.doList(Loader.java:2868) ~[hibernate-core-5.6.10.Final.jar:5.6.10.Final]
	at org.hibernate.loader.Loader.doList(Loader.java:2850) ~[hibernate-core-5.6.10.Final.jar:5.6.10.Final]
	at org.hibernate.loader.Loader.listIgnoreQueryCache(Loader.java:2682) ~[hibernate-core-5.6.10.Final.jar:5.6.10.Final]
	at org.hibernate.loader.Loader.list(Loader.java:2677) ~[hibernate-core-5.6.10.Final.jar:5.6.10.Final]
	at org.hibernate.loader.hql.QueryLoader.list(QueryLoader.java:540) ~[hibernate-core-5.6.10.Final.jar:5.6.10.Final]
	at org.hibernate.hql.internal.ast.QueryTranslatorImpl.list(QueryTranslatorImpl.java:400) ~[hibernate-core-5.6.10.Final.jar:5.6.10.Final]
	at org.hibernate.engine.query.spi.HQLQueryPlan.performList(HQLQueryPlan.java:219) ~[hibernate-core-5.6.10.Final.jar:5.6.10.Final]
	at org.hibernate.internal.SessionImpl.list(SessionImpl.java:1459) ~[hibernate-core-5.6.10.Final.jar:5.6.10.Final]
	at org.hibernate.query.internal.AbstractProducedQuery.doList(AbstractProducedQuery.java:1649) ~[hibernate-core-5.6.10.Final.jar:5.6.10.Final]
	at org.hibernate.query.internal.AbstractProducedQuery.list(AbstractProducedQuery.java:1617) ~[hibernate-core-5.6.10.Final.jar:5.6.10.Final]
	at org.hibernate.query.Query.getResultList(Query.java:165) ~[hibernate-core-5.6.10.Final.jar:5.6.10.Final]
	at org.hibernate.query.criteria.internal.compile.CriteriaQueryTypeQueryAdapter.getResultList(CriteriaQueryTypeQueryAdapter.java:76) ~[hibernate-core-5.6.10.Final.jar:5.6.10.Final]
	at org.springframework.data.jpa.repository.query.JpaQueryExecution$ExistsExecution.doExecute(JpaQueryExecution.java:294) ~[spring-data-jpa-2.7.2.jar:2.7.2]
	at org.springframework.data.jpa.repository.query.JpaQueryExecution.execute(JpaQueryExecution.java:90) ~[spring-data-jpa-2.7.2.jar:2.7.2]
	at org.springframework.data.jpa.repository.query.AbstractJpaQuery.doExecute(AbstractJpaQuery.java:156) ~[spring-data-jpa-2.7.2.jar:2.7.2]
	at org.springframework.data.jpa.repository.query.AbstractJpaQuery.execute(AbstractJpaQuery.java:144) ~[spring-data-jpa-2.7.2.jar:2.7.2]
	at org.springframework.data.repository.core.support.RepositoryMethodInvoker.doInvoke(RepositoryMethodInvoker.java:137) ~[spring-data-commons-2.7.2.jar:2.7.2]
	at org.springframework.data.repository.core.support.RepositoryMethodInvoker.invoke(RepositoryMethodInvoker.java:121) ~[spring-data-commons-2.7.2.jar:2.7.2]
	at org.springframework.data.repository.core.support.QueryExecutorMethodInterceptor.doInvoke(QueryExecutorMethodInterceptor.java:160) ~[spring-data-commons-2.7.2.jar:2.7.2]
	at org.springframework.data.repository.core.support.QueryExecutorMethodInterceptor.invoke(QueryExecutorMethodInterceptor.java:139) ~[spring-data-commons-2.7.2.jar:2.7.2]
	at org.springframework.aop.framework.ReflectiveMethodInvocation.proceed(ReflectiveMethodInvocation.java:186) ~[spring-aop-5.3.22.jar:5.3.22]
	at org.springframework.transaction.interceptor.TransactionInterceptor$1.proceedWithInvocation(TransactionInterceptor.java:123) ~[spring-tx-5.3.22.jar:5.3.22]
	at org.springframework.transaction.interceptor.TransactionAspectSupport.invokeWithinTransaction(TransactionAspectSupport.java:388) ~[spring-tx-5.3.22.jar:5.3.22]
	at org.springframework.transaction.interceptor.TransactionInterceptor.invoke(TransactionInterceptor.java:119) ~[spring-tx-5.3.22.jar:5.3.22]
	at org.springframework.aop.framework.ReflectiveMethodInvocation.proceed(ReflectiveMethodInvocation.java:186) ~[spring-aop-5.3.22.jar:5.3.22]
	at org.springframework.dao.support.PersistenceExceptionTranslationInterceptor.invoke(PersistenceExceptionTranslationInterceptor.java:137) ~[spring-tx-5.3.22.jar:5.3.22]
	at org.springframework.aop.framework.ReflectiveMethodInvocation.proceed(ReflectiveMethodInvocation.java:186) ~[spring-aop-5.3.22.jar:5.3.22]
	at org.springframework.data.jpa.repository.support.CrudMethodMetadataPostProcessor$CrudMethodMetadataPopulatingMethodInterceptor.invoke(CrudMethodMetadataPostProcessor.java:145) ~[spring-data-jpa-2.7.2.jar:2.7.2]
	at org.springframework.aop.framework.ReflectiveMethodInvocation.proceed(ReflectiveMethodInvocation.java:186) ~[spring-aop-5.3.22.jar:5.3.22]
	at org.springframework.aop.interceptor.ExposeInvocationInterceptor.invoke(ExposeInvocationInterceptor.java:97) ~[spring-aop-5.3.22.jar:5.3.22]
	at org.springframework.aop.framework.ReflectiveMethodInvocation.proceed(ReflectiveMethodInvocation.java:186) ~[spring-aop-5.3.22.jar:5.3.22]
	at org.springframework.aop.framework.JdkDynamicAopProxy.invoke(JdkDynamicAopProxy.java:215) ~[spring-aop-5.3.22.jar:5.3.22]
	at jdk.proxy4/jdk.proxy4.$Proxy144.existsByCedula(Unknown Source) ~[na:na]
	at com.ista.tecazuay.proyecto.controllers.UsuarioController.create(UsuarioController.java:116) ~[classes/:na]
	at java.base/jdk.internal.reflect.NativeMethodAccessorImpl.invoke0(Native Method) ~[na:na]
	at java.base/jdk.internal.reflect.NativeMethodAccessorImpl.invoke(NativeMethodAccessorImpl.java:77) ~[na:na]
	at java.base/jdk.internal.reflect.DelegatingMethodAccessorImpl.invoke(DelegatingMethodAccessorImpl.java:43) ~[na:na]
	at java.base/java.lang.reflect.Method.invoke(Method.java:568) ~[na:na]
	at org.springframework.web.method.support.InvocableHandlerMethod.doInvoke(InvocableHandlerMethod.java:205) ~[spring-web-5.3.22.jar:5.3.22]
	at org.springframework.web.method.support.InvocableHandlerMethod.invokeForRequest(InvocableHandlerMethod.java:150) ~[spring-web-5.3.22.jar:5.3.22]
	at org.springframework.web.servlet.mvc.method.annotation.ServletInvocableHandlerMethod.invokeAndHandle(ServletInvocableHandlerMethod.java:117) ~[spring-webmvc-5.3.22.jar:5.3.22]
	at org.springframework.web.servlet.mvc.method.annotation.RequestMappingHandlerAdapter.invokeHandlerMethod(RequestMappingHandlerAdapter.java:895) ~[spring-webmvc-5.3.22.jar:5.3.22]
	at org.springframework.web.servlet.mvc.method.annotation.RequestMappingHandlerAdapter.handleInternal(RequestMappingHandlerAdapter.java:808) ~[spring-webmvc-5.3.22.jar:5.3.22]
	at org.springframework.web.servlet.mvc.method.AbstractHandlerMethodAdapter.handle(AbstractHandlerMethodAdapter.java:87) ~[spring-webmvc-5.3.22.jar:5.3.22]
	at org.springframework.web.servlet.DispatcherServlet.doDispatch(DispatcherServlet.java:1070) ~[spring-webmvc-5.3.22.jar:5.3.22]
	at org.springframework.web.servlet.DispatcherServlet.doService(DispatcherServlet.java:963) ~[spring-webmvc-5.3.22.jar:5.3.22]
	at org.springframework.web.servlet.FrameworkServlet.processRequest(FrameworkServlet.java:1006) ~[spring-webmvc-5.3.22.jar:5.3.22]
	at org.springframework.web.servlet.FrameworkServlet.doPost(FrameworkServlet.java:909) ~[spring-webmvc-5.3.22.jar:5.3.22]
	at javax.servlet.http.HttpServlet.service(HttpServlet.java:681) ~[tomcat-embed-core-9.0.65.jar:4.0.FR]
	at org.springframework.web.servlet.FrameworkServlet.service(FrameworkServlet.java:883) ~[spring-webmvc-5.3.22.jar:5.3.22]
	at javax.servlet.http.HttpServlet.service(HttpServlet.java:764) ~[tomcat-embed-core-9.0.65.jar:4.0.FR]
	at org.apache.catalina.core.ApplicationFilterChain.internalDoFilter(ApplicationFilterChain.java:227) ~[tomcat-embed-core-9.0.65.jar:9.0.65]
	at org.apache.catalina.core.ApplicationFilterChain.doFilter(ApplicationFilterChain.java:162) ~[tomcat-embed-core-9.0.65.jar:9.0.65]
	at org.apache.tomcat.websocket.server.WsFilter.doFilter(WsFilter.java:53) ~[tomcat-embed-websocket-9.0.65.jar:9.0.65]
	at org.apache.catalina.core.ApplicationFilterChain.internalDoFilter(ApplicationFilterChain.java:189) ~[tomcat-embed-core-9.0.65.jar:9.0.65]
	at org.apache.catalina.core.ApplicationFilterChain.doFilter(ApplicationFilterChain.java:162) ~[tomcat-embed-core-9.0.65.jar:9.0.65]
	at org.springframework.web.servlet.resource.ResourceUrlEncodingFilter.doFilter(ResourceUrlEncodingFilter.java:67) ~[spring-webmvc-5.3.22.jar:5.3.22]
	at org.apache.catalina.core.ApplicationFilterChain.internalDoFilter(ApplicationFilterChain.java:189) ~[tomcat-embed-core-9.0.65.jar:9.0.65]
	at org.apache.catalina.core.ApplicationFilterChain.doFilter(ApplicationFilterChain.java:162) ~[tomcat-embed-core-9.0.65.jar:9.0.65]
	at org.springframework.web.filter.CharacterEncodingFilter.doFilterInternal(CharacterEncodingFilter.java:201) ~[spring-web-5.3.22.jar:5.3.22]
	at org.springframework.web.filter.OncePerRequestFilter.doFilter(OncePerRequestFilter.java:117) ~[spring-web-5.3.22.jar:5.3.22]
	at org.apache.catalina.core.ApplicationFilterChain.internalDoFilter(ApplicationFilterChain.java:189) ~[tomcat-embed-core-9.0.65.jar:9.0.65]
	at org.apache.catalina.core.ApplicationFilterChain.doFilter(ApplicationFilterChain.java:162) ~[tomcat-embed-core-9.0.65.jar:9.0.65]
	at org.apache.catalina.core.StandardWrapperValve.invoke(StandardWrapperValve.java:197) ~[tomcat-embed-core-9.0.65.jar:9.0.65]
	at org.apache.catalina.core.StandardContextValve.invoke(StandardContextValve.java:97) ~[tomcat-embed-core-9.0.65.jar:9.0.65]
	at org.apache.catalina.authenticator.AuthenticatorBase.invoke(AuthenticatorBase.java:541) ~[tomcat-embed-core-9.0.65.jar:9.0.65]
	at org.apache.catalina.core.StandardHostValve.invoke(StandardHostValve.java:135) ~[tomcat-embed-core-9.0.65.jar:9.0.65]
	at org.apache.catalina.valves.ErrorReportValve.invoke(ErrorReportValve.java:92) ~[tomcat-embed-core-9.0.65.jar:9.0.65]
	at org.apache.catalina.core.StandardEngineValve.invoke(StandardEngineValve.java:78) ~[tomcat-embed-core-9.0.65.jar:9.0.65]
	at org.apache.catalina.connector.CoyoteAdapter.service(CoyoteAdapter.java:360) ~[tomcat-embed-core-9.0.65.jar:9.0.65]
	at org.apache.coyote.http11.Http11Processor.service(Http11Processor.java:399) ~[tomcat-embed-core-9.0.65.jar:9.0.65]
	at org.apache.coyote.AbstractProcessorLight.process(AbstractProcessorLight.java:65) ~[tomcat-embed-core-9.0.65.jar:9.0.65]
	at org.apache.coyote.AbstractProtocol$ConnectionHandler.process(AbstractProtocol.java:890) ~[tomcat-embed-core-9.0.65.jar:9.0.65]
	at org.apache.tomcat.util.net.NioEndpoint$SocketProcessor.doRun(NioEndpoint.java:1789) ~[tomcat-embed-core-9.0.65.jar:9.0.65]
	at org.apache.tomcat.util.net.SocketProcessorBase.run(SocketProcessorBase.java:49) ~[tomcat-embed-core-9.0.65.jar:9.0.65]
	at org.apache.tomcat.util.threads.ThreadPoolExecutor.runWorker(ThreadPoolExecutor.java:1191) ~[tomcat-embed-core-9.0.65.jar:9.0.65]
	at org.apache.tomcat.util.threads.ThreadPoolExecutor$Worker.run(ThreadPoolExecutor.java:659) ~[tomcat-embed-core-9.0.65.jar:9.0.65]
	at org.apache.tomcat.util.threads.TaskThread$WrappingRunnable.run(TaskThread.java:61) ~[tomcat-embed-core-9.0.65.jar:9.0.65]
	at java.base/java.lang.Thread.run(Thread.java:833) ~[na:na]

2022-10-01 14:52:35.106  INFO 15368 --- [File Watcher] rtingClassPathChangeChangedEventListener : Restarting due to 1 class path change (0 additions, 0 deletions, 1 modification)
2022-10-01 14:52:35.189  INFO 15368 --- [Thread-4] o.apache.catalina.core.StandardService   : Stopping service [Tomcat]
2022-10-01 14:52:35.193  INFO 15368 --- [Thread-4] o.a.c.c.C.[Tomcat].[localhost].[/]       : Destroying Spring FrameworkServlet 'dispatcherServlet'
2022-10-01 14:52:35.311  INFO 15368 --- [Thread-4] j.LocalContainerEntityManagerFactoryBean : Closing JPA EntityManagerFactory for persistence unit 'secondaryPersistenceUnit'
2022-10-01 14:52:35.345  INFO 15368 --- [Thread-4] com.zaxxer.hikari.HikariDataSource       : HikariPool-2 - Shutdown initiated...
2022-10-01 14:52:35.383  INFO 15368 --- [Thread-4] com.zaxxer.hikari.HikariDataSource       : HikariPool-2 - Shutdown completed.
2022-10-01 14:52:35.384  INFO 15368 --- [Thread-4] j.LocalContainerEntityManagerFactoryBean : Closing JPA EntityManagerFactory for persistence unit 'primaryPersistenceUnit'
2022-10-01 14:52:35.386  INFO 15368 --- [Thread-4] com.zaxxer.hikari.HikariDataSource       : HikariPool-1 - Shutdown initiated...
2022-10-01 14:52:35.393  INFO 15368 --- [Thread-4] com.zaxxer.hikari.HikariDataSource       : HikariPool-1 - Shutdown completed.
2022-10-01 14:52:35.629  INFO 15368 --- [restartedMain] i.t.p.ProyectoPrepofesionalesApplication : Starting ProyectoPrepofesionalesApplication using Java 17.0.3 on BRA-015-YAN-026 with PID 15368 (C:\M4A_SPRING\Spring_M4A_Projects\ProyectoPrepofesionales_prueba\target\classes started by BRYAN_CABRERA in C:\M4A_SPRING\Spring_M4A_Projects\ProyectoPrepofesionales_prueba)
2022-10-01 14:52:35.629  INFO 15368 --- [restartedMain] i.t.p.ProyectoPrepofesionalesApplication : No active profile set, falling back to 1 default profile: "default"
2022-10-01 14:52:36.279  INFO 15368 --- [restartedMain] .s.d.r.c.RepositoryConfigurationDelegate : Bootstrapping Spring Data JPA repositories in DEFAULT mode.
2022-10-01 14:52:36.459  INFO 15368 --- [restartedMain] .s.d.r.c.RepositoryConfigurationDelegate : Finished Spring Data repository scanning in 177 ms. Found 36 JPA repository interfaces.
2022-10-01 14:52:36.459  INFO 15368 --- [restartedMain] .s.d.r.c.RepositoryConfigurationDelegate : Bootstrapping Spring Data JPA repositories in DEFAULT mode.
2022-10-01 14:52:36.466  INFO 15368 --- [restartedMain] .s.d.r.c.RepositoryConfigurationDelegate : Finished Spring Data repository scanning in 6 ms. Found 2 JPA repository interfaces.
2022-10-01 14:52:36.715  INFO 15368 --- [restartedMain] o.s.b.w.embedded.tomcat.TomcatWebServer  : Tomcat initialized with port(s): 8080 (http)
2022-10-01 14:52:36.717  INFO 15368 --- [restartedMain] o.apache.catalina.core.StandardService   : Starting service [Tomcat]
2022-10-01 14:52:36.717  INFO 15368 --- [restartedMain] org.apache.catalina.core.StandardEngine  : Starting Servlet engine: [Apache Tomcat/9.0.65]
2022-10-01 14:52:36.761  INFO 15368 --- [restartedMain] o.a.c.c.C.[Tomcat].[localhost].[/]       : Initializing Spring embedded WebApplicationContext
2022-10-01 14:52:36.762  INFO 15368 --- [restartedMain] w.s.c.ServletWebServerApplicationContext : Root WebApplicationContext: initialization completed in 1130 ms
2022-10-01 14:52:36.857  INFO 15368 --- [restartedMain] o.hibernate.jpa.internal.util.LogHelper  : HHH000204: Processing PersistenceUnitInfo [name: primaryPersistenceUnit]
2022-10-01 14:52:36.972  INFO 15368 --- [restartedMain] com.zaxxer.hikari.HikariDataSource       : HikariPool-3 - Starting...
2022-10-01 14:52:37.062  INFO 15368 --- [restartedMain] com.zaxxer.hikari.HikariDataSource       : HikariPool-3 - Start completed.
2022-10-01 14:52:37.063  INFO 15368 --- [restartedMain] org.hibernate.dialect.Dialect            : HHH000400: Using dialect: org.hibernate.dialect.PostgreSQLDialect
2022-10-01 14:52:37.727  INFO 15368 --- [restartedMain] o.h.e.t.j.p.i.JtaPlatformInitiator       : HHH000490: Using JtaPlatform implementation: [org.hibernate.engine.transaction.jta.platform.internal.NoJtaPlatform]
2022-10-01 14:52:37.728  INFO 15368 --- [restartedMain] j.LocalContainerEntityManagerFactoryBean : Initialized JPA EntityManagerFactory for persistence unit 'primaryPersistenceUnit'
2022-10-01 14:52:37.763  INFO 15368 --- [restartedMain] o.hibernate.jpa.internal.util.LogHelper  : HHH000204: Processing PersistenceUnitInfo [name: secondaryPersistenceUnit]
2022-10-01 14:52:37.835  INFO 15368 --- [restartedMain] com.zaxxer.hikari.HikariDataSource       : HikariPool-4 - Starting...
2022-10-01 14:52:37.882  INFO 15368 --- [restartedMain] com.zaxxer.hikari.HikariDataSource       : HikariPool-4 - Start completed.
2022-10-01 14:52:37.883  INFO 15368 --- [restartedMain] org.hibernate.dialect.Dialect            : HHH000400: Using dialect: org.hibernate.dialect.PostgreSQLDialect
2022-10-01 14:52:38.005  INFO 15368 --- [restartedMain] o.h.e.t.j.p.i.JtaPlatformInitiator       : HHH000490: Using JtaPlatform implementation: [org.hibernate.engine.transaction.jta.platform.internal.NoJtaPlatform]
2022-10-01 14:52:38.005  INFO 15368 --- [restartedMain] j.LocalContainerEntityManagerFactoryBean : Initialized JPA EntityManagerFactory for persistence unit 'secondaryPersistenceUnit'
2022-10-01 14:52:39.461  WARN 15368 --- [restartedMain] JpaBaseConfiguration$JpaWebConfiguration : spring.jpa.open-in-view is enabled by default. Therefore, database queries may be performed during view rendering. Explicitly configure spring.jpa.open-in-view to disable this warning
2022-10-01 14:52:39.533  INFO 15368 --- [restartedMain] pertySourcedRequestMappingHandlerMapping : Mapped URL path [/v2/api-docs] onto method [springfox.documentation.swagger2.web.Swagger2Controller#getDocumentation(String, HttpServletRequest)]
2022-10-01 14:52:39.698  INFO 15368 --- [restartedMain] o.s.b.d.a.OptionalLiveReloadServer       : LiveReload server is running on port 35729
2022-10-01 14:52:39.812  WARN 15368 --- [restartedMain] ion$DefaultTemplateResolverConfiguration : Cannot find template location: classpath:/templates/ (please add some templates or check your Thymeleaf configuration)
2022-10-01 14:52:39.879  INFO 15368 --- [restartedMain] o.s.b.w.embedded.tomcat.TomcatWebServer  : Tomcat started on port(s): 8080 (http) with context path ''
2022-10-01 14:52:39.880  INFO 15368 --- [restartedMain] d.s.w.p.DocumentationPluginsBootstrapper : Context refreshed
2022-10-01 14:52:39.881  INFO 15368 --- [restartedMain] d.s.w.p.DocumentationPluginsBootstrapper : Found 1 custom documentation plugin(s)
2022-10-01 14:52:39.902  INFO 15368 --- [restartedMain] s.d.s.w.s.ApiListingReferenceScanner     : Scanning for api listing references
2022-10-01 14:52:40.002  INFO 15368 --- [restartedMain] .d.s.w.r.o.CachingOperationNameGenerator : Generating unique operation named: indextUsingGET_1
2022-10-01 14:52:40.013  INFO 15368 --- [restartedMain] .d.s.w.r.o.CachingOperationNameGenerator : Generating unique operation named: BuscarUsingGET_1
2022-10-01 14:52:40.016  INFO 15368 --- [restartedMain] .d.s.w.r.o.CachingOperationNameGenerator : Generating unique operation named: EliminarUsingDELETE_1
2022-10-01 14:52:40.023  INFO 15368 --- [restartedMain] .d.s.w.r.o.CachingOperationNameGenerator : Generating unique operation named: GuardarUsingPOST_1
2022-10-01 14:52:40.029  INFO 15368 --- [restartedMain] .d.s.w.r.o.CachingOperationNameGenerator : Generating unique operation named: indextUsingGET_2
2022-10-01 14:52:40.039  INFO 15368 --- [restartedMain] .d.s.w.r.o.CachingOperationNameGenerator : Generating unique operation named: indextUsingGET_3
2022-10-01 14:52:40.090  INFO 15368 --- [restartedMain] .d.s.w.r.o.CachingOperationNameGenerator : Generating unique operation named: createUsingPOST_1
2022-10-01 14:52:40.094  INFO 15368 --- [restartedMain] .d.s.w.r.o.CachingOperationNameGenerator : Generating unique operation named: deleteUsingPUT_1
2022-10-01 14:52:40.098  INFO 15368 --- [restartedMain] .d.s.w.r.o.CachingOperationNameGenerator : Generating unique operation named: indexUsingGET_1
2022-10-01 14:52:40.103  INFO 15368 --- [restartedMain] .d.s.w.r.o.CachingOperationNameGenerator : Generating unique operation named: showUsingGET_1
2022-10-01 14:52:40.116  INFO 15368 --- [restartedMain] .d.s.w.r.o.CachingOperationNameGenerator : Generating unique operation named: createUsingPOST_2
2022-10-01 14:52:40.120  INFO 15368 --- [restartedMain] .d.s.w.r.o.CachingOperationNameGenerator : Generating unique operation named: deleteUsingPUT_2
2022-10-01 14:52:40.125  INFO 15368 --- [restartedMain] .d.s.w.r.o.CachingOperationNameGenerator : Generating unique operation named: indexUsingGET_2
2022-10-01 14:52:40.129  INFO 15368 --- [restartedMain] .d.s.w.r.o.CachingOperationNameGenerator : Generating unique operation named: showUsingGET_2
2022-10-01 14:52:40.151  INFO 15368 --- [restartedMain] .d.s.w.r.o.CachingOperationNameGenerator : Generating unique operation named: createUsingPOST_3
2022-10-01 14:52:40.156  INFO 15368 --- [restartedMain] .d.s.w.r.o.CachingOperationNameGenerator : Generating unique operation named: deleteUsingPUT_3
2022-10-01 14:52:40.164  INFO 15368 --- [restartedMain] .d.s.w.r.o.CachingOperationNameGenerator : Generating unique operation named: indexUsingGET_3
2022-10-01 14:52:40.171  INFO 15368 --- [restartedMain] .d.s.w.r.o.CachingOperationNameGenerator : Generating unique operation named: showUsingGET_3
2022-10-01 14:52:40.189  INFO 15368 --- [restartedMain] .d.s.w.r.o.CachingOperationNameGenerator : Generating unique operation named: createUsingPOST_4
2022-10-01 14:52:40.194  INFO 15368 --- [restartedMain] .d.s.w.r.o.CachingOperationNameGenerator : Generating unique operation named: deleteUsingPUT_4
2022-10-01 14:52:40.198  INFO 15368 --- [restartedMain] .d.s.w.r.o.CachingOperationNameGenerator : Generating unique operation named: indexUsingGET_4
2022-10-01 14:52:40.201  INFO 15368 --- [restartedMain] .d.s.w.r.o.CachingOperationNameGenerator : Generating unique operation named: showUsingGET_4
2022-10-01 14:52:40.211  INFO 15368 --- [restartedMain] .d.s.w.r.o.CachingOperationNameGenerator : Generating unique operation named: createUsingPOST_5
2022-10-01 14:52:40.214  INFO 15368 --- [restartedMain] .d.s.w.r.o.CachingOperationNameGenerator : Generating unique operation named: deleteUsingPUT_5
2022-10-01 14:52:40.216  INFO 15368 --- [restartedMain] .d.s.w.r.o.CachingOperationNameGenerator : Generating unique operation named: indexUsingGET_5
2022-10-01 14:52:40.219  INFO 15368 --- [restartedMain] .d.s.w.r.o.CachingOperationNameGenerator : Generating unique operation named: showUsingGET_5
2022-10-01 14:52:40.226  INFO 15368 --- [restartedMain] .d.s.w.r.o.CachingOperationNameGenerator : Generating unique operation named: createUsingPOST_6
2022-10-01 14:52:40.228  INFO 15368 --- [restartedMain] .d.s.w.r.o.CachingOperationNameGenerator : Generating unique operation named: deleteUsingPUT_6
2022-10-01 14:52:40.230  INFO 15368 --- [restartedMain] .d.s.w.r.o.CachingOperationNameGenerator : Generating unique operation named: indexUsingGET_6
2022-10-01 14:52:40.233  INFO 15368 --- [restartedMain] .d.s.w.r.o.CachingOperationNameGenerator : Generating unique operation named: showUsingGET_6
2022-10-01 14:52:40.240  INFO 15368 --- [restartedMain] .d.s.w.r.o.CachingOperationNameGenerator : Generating unique operation named: createUsingPOST_7
2022-10-01 14:52:40.242  INFO 15368 --- [restartedMain] .d.s.w.r.o.CachingOperationNameGenerator : Generating unique operation named: deleteUsingPUT_7
2022-10-01 14:52:40.244  INFO 15368 --- [restartedMain] .d.s.w.r.o.CachingOperationNameGenerator : Generating unique operation named: indexUsingGET_7
2022-10-01 14:52:40.246  INFO 15368 --- [restartedMain] .d.s.w.r.o.CachingOperationNameGenerator : Generating unique operation named: showUsingGET_7
2022-10-01 14:52:40.275  INFO 15368 --- [restartedMain] .d.s.w.r.o.CachingOperationNameGenerator : Generating unique operation named: createUsingPOST_8
2022-10-01 14:52:40.276  INFO 15368 --- [restartedMain] .d.s.w.r.o.CachingOperationNameGenerator : Generating unique operation named: deleteUsingPUT_8
2022-10-01 14:52:40.278  INFO 15368 --- [restartedMain] .d.s.w.r.o.CachingOperationNameGenerator : Generating unique operation named: indexUsingGET_8
2022-10-01 14:52:40.280  INFO 15368 --- [restartedMain] .d.s.w.r.o.CachingOperationNameGenerator : Generating unique operation named: showUsingGET_8
2022-10-01 14:52:40.285  INFO 15368 --- [restartedMain] .d.s.w.r.o.CachingOperationNameGenerator : Generating unique operation named: createUsingPOST_9
2022-10-01 14:52:40.287  INFO 15368 --- [restartedMain] .d.s.w.r.o.CachingOperationNameGenerator : Generating unique operation named: deleteUsingPUT_9
2022-10-01 14:52:40.289  INFO 15368 --- [restartedMain] .d.s.w.r.o.CachingOperationNameGenerator : Generating unique operation named: indexUsingGET_9
2022-10-01 14:52:40.291  INFO 15368 --- [restartedMain] .d.s.w.r.o.CachingOperationNameGenerator : Generating unique operation named: showUsingGET_9
2022-10-01 14:52:40.297  INFO 15368 --- [restartedMain] .d.s.w.r.o.CachingOperationNameGenerator : Generating unique operation named: createUsingPOST_10
2022-10-01 14:52:40.299  INFO 15368 --- [restartedMain] .d.s.w.r.o.CachingOperationNameGenerator : Generating unique operation named: deleteUsingPUT_10
2022-10-01 14:52:40.301  INFO 15368 --- [restartedMain] .d.s.w.r.o.CachingOperationNameGenerator : Generating unique operation named: indexUsingGET_10
2022-10-01 14:52:40.303  INFO 15368 --- [restartedMain] .d.s.w.r.o.CachingOperationNameGenerator : Generating unique operation named: showUsingGET_10
2022-10-01 14:52:40.309  INFO 15368 --- [restartedMain] .d.s.w.r.o.CachingOperationNameGenerator : Generating unique operation named: createUsingPOST_11
2022-10-01 14:52:40.311  INFO 15368 --- [restartedMain] .d.s.w.r.o.CachingOperationNameGenerator : Generating unique operation named: deleteUsingPUT_11
2022-10-01 14:52:40.313  INFO 15368 --- [restartedMain] .d.s.w.r.o.CachingOperationNameGenerator : Generating unique operation named: indexUsingGET_11
2022-10-01 14:52:40.314  INFO 15368 --- [restartedMain] .d.s.w.r.o.CachingOperationNameGenerator : Generating unique operation named: showUsingGET_11
2022-10-01 14:52:40.321  INFO 15368 --- [restartedMain] .d.s.w.r.o.CachingOperationNameGenerator : Generating unique operation named: createUsingPOST_12
2022-10-01 14:52:40.323  INFO 15368 --- [restartedMain] .d.s.w.r.o.CachingOperationNameGenerator : Generating unique operation named: deleteUsingPUT_12
2022-10-01 14:52:40.325  INFO 15368 --- [restartedMain] .d.s.w.r.o.CachingOperationNameGenerator : Generating unique operation named: indexUsingGET_12
2022-10-01 14:52:40.328  INFO 15368 --- [restartedMain] .d.s.w.r.o.CachingOperationNameGenerator : Generating unique operation named: showUsingGET_12
2022-10-01 14:52:40.334  INFO 15368 --- [restartedMain] .d.s.w.r.o.CachingOperationNameGenerator : Generating unique operation named: createUsingPOST_13
2022-10-01 14:52:40.337  INFO 15368 --- [restartedMain] .d.s.w.r.o.CachingOperationNameGenerator : Generating unique operation named: indexUsingGET_13
2022-10-01 14:52:40.339  INFO 15368 --- [restartedMain] .d.s.w.r.o.CachingOperationNameGenerator : Generating unique operation named: showUsingGET_13
2022-10-01 14:52:40.348  INFO 15368 --- [restartedMain] .d.s.w.r.o.CachingOperationNameGenerator : Generating unique operation named: createUsingPOST_14
2022-10-01 14:52:40.350  INFO 15368 --- [restartedMain] .d.s.w.r.o.CachingOperationNameGenerator : Generating unique operation named: deleteUsingPUT_13
2022-10-01 14:52:40.353  INFO 15368 --- [restartedMain] .d.s.w.r.o.CachingOperationNameGenerator : Generating unique operation named: indexUsingGET_14
2022-10-01 14:52:40.356  INFO 15368 --- [restartedMain] .d.s.w.r.o.CachingOperationNameGenerator : Generating unique operation named: showUsingGET_14
2022-10-01 14:52:40.373  INFO 15368 --- [restartedMain] .d.s.w.r.o.CachingOperationNameGenerator : Generating unique operation named: indexUsingGET_15
2022-10-01 14:52:40.378  INFO 15368 --- [restartedMain] .d.s.w.r.o.CachingOperationNameGenerator : Generating unique operation named: createUsingPOST_15
2022-10-01 14:52:40.380  INFO 15368 --- [restartedMain] .d.s.w.r.o.CachingOperationNameGenerator : Generating unique operation named: deleteUsingPUT_14
2022-10-01 14:52:40.382  INFO 15368 --- [restartedMain] .d.s.w.r.o.CachingOperationNameGenerator : Generating unique operation named: indexUsingGET_16
2022-10-01 14:52:40.385  INFO 15368 --- [restartedMain] .d.s.w.r.o.CachingOperationNameGenerator : Generating unique operation named: showUsingGET_15
2022-10-01 14:52:40.405  INFO 15368 --- [restartedMain] .d.s.w.r.o.CachingOperationNameGenerator : Generating unique operation named: createUsingPOST_16
2022-10-01 14:52:40.405  INFO 15368 --- [restartedMain] .d.s.w.r.o.CachingOperationNameGenerator : Generating unique operation named: deleteUsingPUT_15
2022-10-01 14:52:40.407  INFO 15368 --- [restartedMain] .d.s.w.r.o.CachingOperationNameGenerator : Generating unique operation named: indexUsingGET_17
2022-10-01 14:52:40.409  INFO 15368 --- [restartedMain] .d.s.w.r.o.CachingOperationNameGenerator : Generating unique operation named: showUsingGET_16
2022-10-01 14:52:40.416  INFO 15368 --- [restartedMain] .d.s.w.r.o.CachingOperationNameGenerator : Generating unique operation named: createUsingPOST_17
2022-10-01 14:52:40.419  INFO 15368 --- [restartedMain] .d.s.w.r.o.CachingOperationNameGenerator : Generating unique operation named: deleteUsingPUT_16
2022-10-01 14:52:40.421  INFO 15368 --- [restartedMain] .d.s.w.r.o.CachingOperationNameGenerator : Generating unique operation named: indexUsingGET_18
2022-10-01 14:52:40.424  INFO 15368 --- [restartedMain] .d.s.w.r.o.CachingOperationNameGenerator : Generating unique operation named: showUsingGET_17
2022-10-01 14:52:40.432  INFO 15368 --- [restartedMain] .d.s.w.r.o.CachingOperationNameGenerator : Generating unique operation named: createUsingPOST_18
2022-10-01 14:52:40.434  INFO 15368 --- [restartedMain] .d.s.w.r.o.CachingOperationNameGenerator : Generating unique operation named: deleteUsingDELETE_1
2022-10-01 14:52:40.436  INFO 15368 --- [restartedMain] .d.s.w.r.o.CachingOperationNameGenerator : Generating unique operation named: indexUsingGET_19
2022-10-01 14:52:40.438  INFO 15368 --- [restartedMain] .d.s.w.r.o.CachingOperationNameGenerator : Generating unique operation named: showUsingGET_18
2022-10-01 14:52:40.440  INFO 15368 --- [restartedMain] .d.s.w.r.o.CachingOperationNameGenerator : Generating unique operation named: updateUsingPUT_1
2022-10-01 14:52:40.449  INFO 15368 --- [restartedMain] .d.s.w.r.o.CachingOperationNameGenerator : Generating unique operation named: createUsingPOST_19
2022-10-01 14:52:40.452  INFO 15368 --- [restartedMain] .d.s.w.r.o.CachingOperationNameGenerator : Generating unique operation named: deleteUsingPUT_17
2022-10-01 14:52:40.455  INFO 15368 --- [restartedMain] .d.s.w.r.o.CachingOperationNameGenerator : Generating unique operation named: findbyconvUsingGET_1
2022-10-01 14:52:40.459  INFO 15368 --- [restartedMain] .d.s.w.r.o.CachingOperationNameGenerator : Generating unique operation named: indexUsingGET_20
2022-10-01 14:52:40.462  INFO 15368 --- [restartedMain] .d.s.w.r.o.CachingOperationNameGenerator : Generating unique operation named: showUsingGET_19
2022-10-01 14:52:40.480  INFO 15368 --- [restartedMain] .d.s.w.r.o.CachingOperationNameGenerator : Generating unique operation named: createUsingPOST_20
2022-10-01 14:52:40.484  INFO 15368 --- [restartedMain] .d.s.w.r.o.CachingOperationNameGenerator : Generating unique operation named: deleteUsingDELETE_2
2022-10-01 14:52:40.490  INFO 15368 --- [restartedMain] .d.s.w.r.o.CachingOperationNameGenerator : Generating unique operation named: indexUsingGET_21
2022-10-01 14:52:40.496  INFO 15368 --- [restartedMain] .d.s.w.r.o.CachingOperationNameGenerator : Generating unique operation named: showUsingGET_20
2022-10-01 14:52:40.502  INFO 15368 --- [restartedMain] .d.s.w.r.o.CachingOperationNameGenerator : Generating unique operation named: updateUsingPUT_2
2022-10-01 14:52:40.520  INFO 15368 --- [restartedMain] .d.s.w.r.o.CachingOperationNameGenerator : Generating unique operation named: createUsingPOST_21
2022-10-01 14:52:40.523  INFO 15368 --- [restartedMain] .d.s.w.r.o.CachingOperationNameGenerator : Generating unique operation named: deleteUsingDELETE_3
2022-10-01 14:52:40.528  INFO 15368 --- [restartedMain] .d.s.w.r.o.CachingOperationNameGenerator : Generating unique operation named: indexUsingGET_22
2022-10-01 14:52:40.533  INFO 15368 --- [restartedMain] .d.s.w.r.o.CachingOperationNameGenerator : Generating unique operation named: showUsingGET_21
2022-10-01 14:52:40.539  INFO 15368 --- [restartedMain] .d.s.w.r.o.CachingOperationNameGenerator : Generating unique operation named: updateUsingPUT_3
2022-10-01 14:52:40.554  INFO 15368 --- [restartedMain] .d.s.w.r.o.CachingOperationNameGenerator : Generating unique operation named: createUsingPOST_22
2022-10-01 14:52:40.558  INFO 15368 --- [restartedMain] .d.s.w.r.o.CachingOperationNameGenerator : Generating unique operation named: deleteUsingPUT_18
2022-10-01 14:52:40.563  INFO 15368 --- [restartedMain] .d.s.w.r.o.CachingOperationNameGenerator : Generating unique operation named: indexUsingGET_23
2022-10-01 14:52:40.568  INFO 15368 --- [restartedMain] .d.s.w.r.o.CachingOperationNameGenerator : Generating unique operation named: showUsingGET_22
2022-10-01 14:52:40.573  INFO 15368 --- [restartedMain] .d.s.w.r.o.CachingOperationNameGenerator : Generating unique operation named: openapiJsonUsingGET_1
2022-10-01 14:52:40.594  INFO 15368 --- [restartedMain] .d.s.w.r.o.CachingOperationNameGenerator : Generating unique operation named: createUsingPOST_23
2022-10-01 14:52:40.597  INFO 15368 --- [restartedMain] .d.s.w.r.o.CachingOperationNameGenerator : Generating unique operation named: deleteUsingDELETE_4
2022-10-01 14:52:40.601  INFO 15368 --- [restartedMain] .d.s.w.r.o.CachingOperationNameGenerator : Generating unique operation named: indexUsingGET_24
2022-10-01 14:52:40.605  INFO 15368 --- [restartedMain] .d.s.w.r.o.CachingOperationNameGenerator : Generating unique operation named: showUsingGET_23
2022-10-01 14:52:40.611  INFO 15368 --- [restartedMain] .d.s.w.r.o.CachingOperationNameGenerator : Generating unique operation named: indexUsingGET_25
2022-10-01 14:52:40.616  INFO 15368 --- [restartedMain] .d.s.w.r.o.CachingOperationNameGenerator : Generating unique operation named: showUsingGET_24
2022-10-01 14:52:40.627  INFO 15368 --- [restartedMain] .d.s.w.r.o.CachingOperationNameGenerator : Generating unique operation named: indexUsingGET_26
2022-10-01 14:52:40.634  INFO 15368 --- [restartedMain] .d.s.w.r.o.CachingOperationNameGenerator : Generating unique operation named: findbyconvUsingGET_2
2022-10-01 14:52:40.638  INFO 15368 --- [restartedMain] .d.s.w.r.o.CachingOperationNameGenerator : Generating unique operation named: indexUsingGET_27
2022-10-01 14:52:40.647  INFO 15368 --- [restartedMain] .d.s.w.r.o.CachingOperationNameGenerator : Generating unique operation named: buscarXidUsingGET_1
2022-10-01 14:52:40.651  INFO 15368 --- [restartedMain] .d.s.w.r.o.CachingOperationNameGenerator : Generating unique operation named: indexUsingGET_28
2022-10-01 14:52:40.661  INFO 15368 --- [restartedMain] .d.s.w.r.o.CachingOperationNameGenerator : Generating unique operation named: buscarXidUsingGET_2
2022-10-01 14:52:40.666  INFO 15368 --- [restartedMain] .d.s.w.r.o.CachingOperationNameGenerator : Generating unique operation named: indexUsingGET_29
2022-10-01 14:52:40.673  INFO 15368 --- [restartedMain] .d.s.w.r.o.CachingOperationNameGenerator : Generating unique operation named: indexUsingGET_30
2022-10-01 14:52:40.679  INFO 15368 --- [restartedMain] .d.s.w.r.o.CachingOperationNameGenerator : Generating unique operation named: indexUsingGET_31
2022-10-01 14:52:40.693  INFO 15368 --- [restartedMain] i.t.p.ProyectoPrepofesionalesApplication : Started ProyectoPrepofesionalesApplication in 5.113 seconds (JVM running for 493.087)
2022-10-01 14:52:40.697  INFO 15368 --- [restartedMain] .ConditionEvaluationDeltaLoggingListener : Condition evaluation unchanged
2022-10-01 14:52:46.334  INFO 15368 --- [http-nio-8080-exec-1] o.a.c.c.C.[Tomcat].[localhost].[/]       : Initializing Spring DispatcherServlet 'dispatcherServlet'
2022-10-01 14:52:46.334  INFO 15368 --- [http-nio-8080-exec-1] o.s.web.servlet.DispatcherServlet        : Initializing Servlet 'dispatcherServlet'
2022-10-01 14:52:46.337  INFO 15368 --- [http-nio-8080-exec-1] o.s.web.servlet.DispatcherServlet        : Completed initialization in 3 ms
2022-10-01 14:52:46.403  WARN 15368 --- [http-nio-8080-exec-1] o.h.engine.jdbc.spi.SqlExceptionHelper   : SQL Error: 0, SQLState: 42703
2022-10-01 14:52:46.403 ERROR 15368 --- [http-nio-8080-exec-1] o.h.engine.jdbc.spi.SqlExceptionHelper   : ERROR: no existe la columna viewcoordi0_.cedula
  Position: 8
2022-10-01 14:52:46.414 ERROR 15368 --- [http-nio-8080-exec-1] o.a.c.c.C.[.[.[/].[dispatcherServlet]    : Servlet.service() for servlet [dispatcherServlet] in context with path [] threw exception [Request processing failed; nested exception is org.springframework.dao.InvalidDataAccessResourceUsageException: could not extract ResultSet; SQL [n/a]; nested exception is org.hibernate.exception.SQLGrammarException: could not extract ResultSet] with root cause

org.postgresql.util.PSQLException: ERROR: no existe la columna viewcoordi0_.cedula
  Position: 8
	at org.postgresql.core.v3.QueryExecutorImpl.receiveErrorResponse(QueryExecutorImpl.java:2675) ~[postgresql-42.3.6.jar:42.3.6]
	at org.postgresql.core.v3.QueryExecutorImpl.processResults(QueryExecutorImpl.java:2365) ~[postgresql-42.3.6.jar:42.3.6]
	at org.postgresql.core.v3.QueryExecutorImpl.execute(QueryExecutorImpl.java:355) ~[postgresql-42.3.6.jar:42.3.6]
	at org.postgresql.jdbc.PgStatement.executeInternal(PgStatement.java:490) ~[postgresql-42.3.6.jar:42.3.6]
	at org.postgresql.jdbc.PgStatement.execute(PgStatement.java:408) ~[postgresql-42.3.6.jar:42.3.6]
	at org.postgresql.jdbc.PgPreparedStatement.executeWithFlags(PgPreparedStatement.java:167) ~[postgresql-42.3.6.jar:42.3.6]
	at org.postgresql.jdbc.PgPreparedStatement.executeQuery(PgPreparedStatement.java:119) ~[postgresql-42.3.6.jar:42.3.6]
	at com.zaxxer.hikari.pool.ProxyPreparedStatement.executeQuery(ProxyPreparedStatement.java:52) ~[HikariCP-4.0.3.jar:na]
	at com.zaxxer.hikari.pool.HikariProxyPreparedStatement.executeQuery(HikariProxyPreparedStatement.java) ~[HikariCP-4.0.3.jar:na]
	at org.hibernate.engine.jdbc.internal.ResultSetReturnImpl.extract(ResultSetReturnImpl.java:57) ~[hibernate-core-5.6.10.Final.jar:5.6.10.Final]
	at org.hibernate.loader.Loader.getResultSet(Loader.java:2322) ~[hibernate-core-5.6.10.Final.jar:5.6.10.Final]
	at org.hibernate.loader.Loader.executeQueryStatement(Loader.java:2075) ~[hibernate-core-5.6.10.Final.jar:5.6.10.Final]
	at org.hibernate.loader.Loader.executeQueryStatement(Loader.java:2037) ~[hibernate-core-5.6.10.Final.jar:5.6.10.Final]
	at org.hibernate.loader.Loader.doQuery(Loader.java:956) ~[hibernate-core-5.6.10.Final.jar:5.6.10.Final]
	at org.hibernate.loader.Loader.doQueryAndInitializeNonLazyCollections(Loader.java:357) ~[hibernate-core-5.6.10.Final.jar:5.6.10.Final]
	at org.hibernate.loader.Loader.doList(Loader.java:2868) ~[hibernate-core-5.6.10.Final.jar:5.6.10.Final]
	at org.hibernate.loader.Loader.doList(Loader.java:2850) ~[hibernate-core-5.6.10.Final.jar:5.6.10.Final]
	at org.hibernate.loader.Loader.listIgnoreQueryCache(Loader.java:2682) ~[hibernate-core-5.6.10.Final.jar:5.6.10.Final]
	at org.hibernate.loader.Loader.list(Loader.java:2677) ~[hibernate-core-5.6.10.Final.jar:5.6.10.Final]
	at org.hibernate.loader.hql.QueryLoader.list(QueryLoader.java:540) ~[hibernate-core-5.6.10.Final.jar:5.6.10.Final]
	at org.hibernate.hql.internal.ast.QueryTranslatorImpl.list(QueryTranslatorImpl.java:400) ~[hibernate-core-5.6.10.Final.jar:5.6.10.Final]
	at org.hibernate.engine.query.spi.HQLQueryPlan.performList(HQLQueryPlan.java:219) ~[hibernate-core-5.6.10.Final.jar:5.6.10.Final]
	at org.hibernate.internal.SessionImpl.list(SessionImpl.java:1459) ~[hibernate-core-5.6.10.Final.jar:5.6.10.Final]
	at org.hibernate.query.internal.AbstractProducedQuery.doList(AbstractProducedQuery.java:1649) ~[hibernate-core-5.6.10.Final.jar:5.6.10.Final]
	at org.hibernate.query.internal.AbstractProducedQuery.list(AbstractProducedQuery.java:1617) ~[hibernate-core-5.6.10.Final.jar:5.6.10.Final]
	at org.hibernate.query.Query.getResultList(Query.java:165) ~[hibernate-core-5.6.10.Final.jar:5.6.10.Final]
	at org.hibernate.query.criteria.internal.compile.CriteriaQueryTypeQueryAdapter.getResultList(CriteriaQueryTypeQueryAdapter.java:76) ~[hibernate-core-5.6.10.Final.jar:5.6.10.Final]
	at org.springframework.data.jpa.repository.query.JpaQueryExecution$ExistsExecution.doExecute(JpaQueryExecution.java:294) ~[spring-data-jpa-2.7.2.jar:2.7.2]
	at org.springframework.data.jpa.repository.query.JpaQueryExecution.execute(JpaQueryExecution.java:90) ~[spring-data-jpa-2.7.2.jar:2.7.2]
	at org.springframework.data.jpa.repository.query.AbstractJpaQuery.doExecute(AbstractJpaQuery.java:156) ~[spring-data-jpa-2.7.2.jar:2.7.2]
	at org.springframework.data.jpa.repository.query.AbstractJpaQuery.execute(AbstractJpaQuery.java:144) ~[spring-data-jpa-2.7.2.jar:2.7.2]
	at org.springframework.data.repository.core.support.RepositoryMethodInvoker.doInvoke(RepositoryMethodInvoker.java:137) ~[spring-data-commons-2.7.2.jar:2.7.2]
	at org.springframework.data.repository.core.support.RepositoryMethodInvoker.invoke(RepositoryMethodInvoker.java:121) ~[spring-data-commons-2.7.2.jar:2.7.2]
	at org.springframework.data.repository.core.support.QueryExecutorMethodInterceptor.doInvoke(QueryExecutorMethodInterceptor.java:160) ~[spring-data-commons-2.7.2.jar:2.7.2]
	at org.springframework.data.repository.core.support.QueryExecutorMethodInterceptor.invoke(QueryExecutorMethodInterceptor.java:139) ~[spring-data-commons-2.7.2.jar:2.7.2]
	at org.springframework.aop.framework.ReflectiveMethodInvocation.proceed(ReflectiveMethodInvocation.java:186) ~[spring-aop-5.3.22.jar:5.3.22]
	at org.springframework.transaction.interceptor.TransactionInterceptor$1.proceedWithInvocation(TransactionInterceptor.java:123) ~[spring-tx-5.3.22.jar:5.3.22]
	at org.springframework.transaction.interceptor.TransactionAspectSupport.invokeWithinTransaction(TransactionAspectSupport.java:388) ~[spring-tx-5.3.22.jar:5.3.22]
	at org.springframework.transaction.interceptor.TransactionInterceptor.invoke(TransactionInterceptor.java:119) ~[spring-tx-5.3.22.jar:5.3.22]
	at org.springframework.aop.framework.ReflectiveMethodInvocation.proceed(ReflectiveMethodInvocation.java:186) ~[spring-aop-5.3.22.jar:5.3.22]
	at org.springframework.dao.support.PersistenceExceptionTranslationInterceptor.invoke(PersistenceExceptionTranslationInterceptor.java:137) ~[spring-tx-5.3.22.jar:5.3.22]
	at org.springframework.aop.framework.ReflectiveMethodInvocation.proceed(ReflectiveMethodInvocation.java:186) ~[spring-aop-5.3.22.jar:5.3.22]
	at org.springframework.data.jpa.repository.support.CrudMethodMetadataPostProcessor$CrudMethodMetadataPopulatingMethodInterceptor.invoke(CrudMethodMetadataPostProcessor.java:145) ~[spring-data-jpa-2.7.2.jar:2.7.2]
	at org.springframework.aop.framework.ReflectiveMethodInvocation.proceed(ReflectiveMethodInvocation.java:186) ~[spring-aop-5.3.22.jar:5.3.22]
	at org.springframework.aop.interceptor.ExposeInvocationInterceptor.invoke(ExposeInvocationInterceptor.java:97) ~[spring-aop-5.3.22.jar:5.3.22]
	at org.springframework.aop.framework.ReflectiveMethodInvocation.proceed(ReflectiveMethodInvocation.java:186) ~[spring-aop-5.3.22.jar:5.3.22]
	at org.springframework.aop.framework.JdkDynamicAopProxy.invoke(JdkDynamicAopProxy.java:215) ~[spring-aop-5.3.22.jar:5.3.22]
	at jdk.proxy5/jdk.proxy5.$Proxy212.existsByCedula(Unknown Source) ~[na:na]
	at com.ista.tecazuay.proyecto.controllers.UsuarioController.create(UsuarioController.java:116) ~[classes/:na]
	at java.base/jdk.internal.reflect.NativeMethodAccessorImpl.invoke0(Native Method) ~[na:na]
	at java.base/jdk.internal.reflect.NativeMethodAccessorImpl.invoke(NativeMethodAccessorImpl.java:77) ~[na:na]
	at java.base/jdk.internal.reflect.DelegatingMethodAccessorImpl.invoke(DelegatingMethodAccessorImpl.java:43) ~[na:na]
	at java.base/java.lang.reflect.Method.invoke(Method.java:568) ~[na:na]
	at org.springframework.web.method.support.InvocableHandlerMethod.doInvoke(InvocableHandlerMethod.java:205) ~[spring-web-5.3.22.jar:5.3.22]
	at org.springframework.web.method.support.InvocableHandlerMethod.invokeForRequest(InvocableHandlerMethod.java:150) ~[spring-web-5.3.22.jar:5.3.22]
	at org.springframework.web.servlet.mvc.method.annotation.ServletInvocableHandlerMethod.invokeAndHandle(ServletInvocableHandlerMethod.java:117) ~[spring-webmvc-5.3.22.jar:5.3.22]
	at org.springframework.web.servlet.mvc.method.annotation.RequestMappingHandlerAdapter.invokeHandlerMethod(RequestMappingHandlerAdapter.java:895) ~[spring-webmvc-5.3.22.jar:5.3.22]
	at org.springframework.web.servlet.mvc.method.annotation.RequestMappingHandlerAdapter.handleInternal(RequestMappingHandlerAdapter.java:808) ~[spring-webmvc-5.3.22.jar:5.3.22]
	at org.springframework.web.servlet.mvc.method.AbstractHandlerMethodAdapter.handle(AbstractHandlerMethodAdapter.java:87) ~[spring-webmvc-5.3.22.jar:5.3.22]
	at org.springframework.web.servlet.DispatcherServlet.doDispatch(DispatcherServlet.java:1070) ~[spring-webmvc-5.3.22.jar:5.3.22]
	at org.springframework.web.servlet.DispatcherServlet.doService(DispatcherServlet.java:963) ~[spring-webmvc-5.3.22.jar:5.3.22]
	at org.springframework.web.servlet.FrameworkServlet.processRequest(FrameworkServlet.java:1006) ~[spring-webmvc-5.3.22.jar:5.3.22]
	at org.springframework.web.servlet.FrameworkServlet.doPost(FrameworkServlet.java:909) ~[spring-webmvc-5.3.22.jar:5.3.22]
	at javax.servlet.http.HttpServlet.service(HttpServlet.java:681) ~[tomcat-embed-core-9.0.65.jar:4.0.FR]
	at org.springframework.web.servlet.FrameworkServlet.service(FrameworkServlet.java:883) ~[spring-webmvc-5.3.22.jar:5.3.22]
	at javax.servlet.http.HttpServlet.service(HttpServlet.java:764) ~[tomcat-embed-core-9.0.65.jar:4.0.FR]
	at org.apache.catalina.core.ApplicationFilterChain.internalDoFilter(ApplicationFilterChain.java:227) ~[tomcat-embed-core-9.0.65.jar:9.0.65]
	at org.apache.catalina.core.ApplicationFilterChain.doFilter(ApplicationFilterChain.java:162) ~[tomcat-embed-core-9.0.65.jar:9.0.65]
	at org.apache.tomcat.websocket.server.WsFilter.doFilter(WsFilter.java:53) ~[tomcat-embed-websocket-9.0.65.jar:9.0.65]
	at org.apache.catalina.core.ApplicationFilterChain.internalDoFilter(ApplicationFilterChain.java:189) ~[tomcat-embed-core-9.0.65.jar:9.0.65]
	at org.apache.catalina.core.ApplicationFilterChain.doFilter(ApplicationFilterChain.java:162) ~[tomcat-embed-core-9.0.65.jar:9.0.65]
	at org.springframework.web.servlet.resource.ResourceUrlEncodingFilter.doFilter(ResourceUrlEncodingFilter.java:67) ~[spring-webmvc-5.3.22.jar:5.3.22]
	at org.apache.catalina.core.ApplicationFilterChain.internalDoFilter(ApplicationFilterChain.java:189) ~[tomcat-embed-core-9.0.65.jar:9.0.65]
	at org.apache.catalina.core.ApplicationFilterChain.doFilter(ApplicationFilterChain.java:162) ~[tomcat-embed-core-9.0.65.jar:9.0.65]
	at org.springframework.web.filter.CharacterEncodingFilter.doFilterInternal(CharacterEncodingFilter.java:201) ~[spring-web-5.3.22.jar:5.3.22]
	at org.springframework.web.filter.OncePerRequestFilter.doFilter(OncePerRequestFilter.java:117) ~[spring-web-5.3.22.jar:5.3.22]
	at org.apache.catalina.core.ApplicationFilterChain.internalDoFilter(ApplicationFilterChain.java:189) ~[tomcat-embed-core-9.0.65.jar:9.0.65]
	at org.apache.catalina.core.ApplicationFilterChain.doFilter(ApplicationFilterChain.java:162) ~[tomcat-embed-core-9.0.65.jar:9.0.65]
	at org.apache.catalina.core.StandardWrapperValve.invoke(StandardWrapperValve.java:197) ~[tomcat-embed-core-9.0.65.jar:9.0.65]
	at org.apache.catalina.core.StandardContextValve.invoke(StandardContextValve.java:97) ~[tomcat-embed-core-9.0.65.jar:9.0.65]
	at org.apache.catalina.authenticator.AuthenticatorBase.invoke(AuthenticatorBase.java:541) ~[tomcat-embed-core-9.0.65.jar:9.0.65]
	at org.apache.catalina.core.StandardHostValve.invoke(StandardHostValve.java:135) ~[tomcat-embed-core-9.0.65.jar:9.0.65]
	at org.apache.catalina.valves.ErrorReportValve.invoke(ErrorReportValve.java:92) ~[tomcat-embed-core-9.0.65.jar:9.0.65]
	at org.apache.catalina.core.StandardEngineValve.invoke(StandardEngineValve.java:78) ~[tomcat-embed-core-9.0.65.jar:9.0.65]
	at org.apache.catalina.connector.CoyoteAdapter.service(CoyoteAdapter.java:360) ~[tomcat-embed-core-9.0.65.jar:9.0.65]
	at org.apache.coyote.http11.Http11Processor.service(Http11Processor.java:399) ~[tomcat-embed-core-9.0.65.jar:9.0.65]
	at org.apache.coyote.AbstractProcessorLight.process(AbstractProcessorLight.java:65) ~[tomcat-embed-core-9.0.65.jar:9.0.65]
	at org.apache.coyote.AbstractProtocol$ConnectionHandler.process(AbstractProtocol.java:890) ~[tomcat-embed-core-9.0.65.jar:9.0.65]
	at org.apache.tomcat.util.net.NioEndpoint$SocketProcessor.doRun(NioEndpoint.java:1789) ~[tomcat-embed-core-9.0.65.jar:9.0.65]
	at org.apache.tomcat.util.net.SocketProcessorBase.run(SocketProcessorBase.java:49) ~[tomcat-embed-core-9.0.65.jar:9.0.65]
	at org.apache.tomcat.util.threads.ThreadPoolExecutor.runWorker(ThreadPoolExecutor.java:1191) ~[tomcat-embed-core-9.0.65.jar:9.0.65]
	at org.apache.tomcat.util.threads.ThreadPoolExecutor$Worker.run(ThreadPoolExecutor.java:659) ~[tomcat-embed-core-9.0.65.jar:9.0.65]
	at org.apache.tomcat.util.threads.TaskThread$WrappingRunnable.run(TaskThread.java:61) ~[tomcat-embed-core-9.0.65.jar:9.0.65]
	at java.base/java.lang.Thread.run(Thread.java:833) ~[na:na]

2022-10-01 14:53:31.713  INFO 15368 --- [File Watcher] rtingClassPathChangeChangedEventListener : Restarting due to 1 class path change (0 additions, 0 deletions, 1 modification)
2022-10-01 14:53:31.750  INFO 15368 --- [Thread-7] o.apache.catalina.core.StandardService   : Stopping service [Tomcat]
2022-10-01 14:53:31.751  INFO 15368 --- [Thread-7] o.a.c.c.C.[Tomcat].[localhost].[/]       : Destroying Spring FrameworkServlet 'dispatcherServlet'
2022-10-01 14:53:31.801  INFO 15368 --- [Thread-7] j.LocalContainerEntityManagerFactoryBean : Closing JPA EntityManagerFactory for persistence unit 'secondaryPersistenceUnit'
2022-10-01 14:53:31.802  INFO 15368 --- [Thread-7] com.zaxxer.hikari.HikariDataSource       : HikariPool-4 - Shutdown initiated...
2022-10-01 14:53:31.817  INFO 15368 --- [Thread-7] com.zaxxer.hikari.HikariDataSource       : HikariPool-4 - Shutdown completed.
2022-10-01 14:53:31.817  INFO 15368 --- [Thread-7] j.LocalContainerEntityManagerFactoryBean : Closing JPA EntityManagerFactory for persistence unit 'primaryPersistenceUnit'
2022-10-01 14:53:31.821  INFO 15368 --- [Thread-7] com.zaxxer.hikari.HikariDataSource       : HikariPool-3 - Shutdown initiated...
2022-10-01 14:53:31.838  INFO 15368 --- [Thread-7] com.zaxxer.hikari.HikariDataSource       : HikariPool-3 - Shutdown completed.
2022-10-01 14:53:32.103  INFO 15368 --- [restartedMain] i.t.p.ProyectoPrepofesionalesApplication : Starting ProyectoPrepofesionalesApplication using Java 17.0.3 on BRA-015-YAN-026 with PID 15368 (C:\M4A_SPRING\Spring_M4A_Projects\ProyectoPrepofesionales_prueba\target\classes started by BRYAN_CABRERA in C:\M4A_SPRING\Spring_M4A_Projects\ProyectoPrepofesionales_prueba)
2022-10-01 14:53:32.103  INFO 15368 --- [restartedMain] i.t.p.ProyectoPrepofesionalesApplication : No active profile set, falling back to 1 default profile: "default"
2022-10-01 14:53:32.522  INFO 15368 --- [restartedMain] .s.d.r.c.RepositoryConfigurationDelegate : Bootstrapping Spring Data JPA repositories in DEFAULT mode.
2022-10-01 14:53:32.585  INFO 15368 --- [restartedMain] .s.d.r.c.RepositoryConfigurationDelegate : Finished Spring Data repository scanning in 61 ms. Found 36 JPA repository interfaces.
2022-10-01 14:53:32.585  INFO 15368 --- [restartedMain] .s.d.r.c.RepositoryConfigurationDelegate : Bootstrapping Spring Data JPA repositories in DEFAULT mode.
2022-10-01 14:53:32.594  INFO 15368 --- [restartedMain] .s.d.r.c.RepositoryConfigurationDelegate : Finished Spring Data repository scanning in 8 ms. Found 2 JPA repository interfaces.
2022-10-01 14:53:32.820  INFO 15368 --- [restartedMain] o.s.b.w.embedded.tomcat.TomcatWebServer  : Tomcat initialized with port(s): 8080 (http)
2022-10-01 14:53:32.821  INFO 15368 --- [restartedMain] o.apache.catalina.core.StandardService   : Starting service [Tomcat]
2022-10-01 14:53:32.822  INFO 15368 --- [restartedMain] org.apache.catalina.core.StandardEngine  : Starting Servlet engine: [Apache Tomcat/9.0.65]
2022-10-01 14:53:32.863  INFO 15368 --- [restartedMain] o.a.c.c.C.[Tomcat].[localhost].[/]       : Initializing Spring embedded WebApplicationContext
2022-10-01 14:53:32.863  INFO 15368 --- [restartedMain] w.s.c.ServletWebServerApplicationContext : Root WebApplicationContext: initialization completed in 757 ms
2022-10-01 14:53:32.938  INFO 15368 --- [restartedMain] o.hibernate.jpa.internal.util.LogHelper  : HHH000204: Processing PersistenceUnitInfo [name: primaryPersistenceUnit]
2022-10-01 14:53:32.986  INFO 15368 --- [restartedMain] com.zaxxer.hikari.HikariDataSource       : HikariPool-5 - Starting...
2022-10-01 14:53:33.062  INFO 15368 --- [restartedMain] com.zaxxer.hikari.HikariDataSource       : HikariPool-5 - Start completed.
2022-10-01 14:53:33.063  INFO 15368 --- [restartedMain] org.hibernate.dialect.Dialect            : HHH000400: Using dialect: org.hibernate.dialect.PostgreSQLDialect
2022-10-01 14:53:33.487  INFO 15368 --- [restartedMain] o.h.e.t.j.p.i.JtaPlatformInitiator       : HHH000490: Using JtaPlatform implementation: [org.hibernate.engine.transaction.jta.platform.internal.NoJtaPlatform]
2022-10-01 14:53:33.488  INFO 15368 --- [restartedMain] j.LocalContainerEntityManagerFactoryBean : Initialized JPA EntityManagerFactory for persistence unit 'primaryPersistenceUnit'
2022-10-01 14:53:33.536  INFO 15368 --- [restartedMain] o.hibernate.jpa.internal.util.LogHelper  : HHH000204: Processing PersistenceUnitInfo [name: secondaryPersistenceUnit]
2022-10-01 14:53:33.649  INFO 15368 --- [restartedMain] com.zaxxer.hikari.HikariDataSource       : HikariPool-6 - Starting...
2022-10-01 14:53:33.724  INFO 15368 --- [restartedMain] com.zaxxer.hikari.HikariDataSource       : HikariPool-6 - Start completed.
2022-10-01 14:53:33.725  INFO 15368 --- [restartedMain] org.hibernate.dialect.Dialect            : HHH000400: Using dialect: org.hibernate.dialect.PostgreSQLDialect
2022-10-01 14:53:33.819  INFO 15368 --- [restartedMain] o.h.e.t.j.p.i.JtaPlatformInitiator       : HHH000490: Using JtaPlatform implementation: [org.hibernate.engine.transaction.jta.platform.internal.NoJtaPlatform]
2022-10-01 14:53:33.820  INFO 15368 --- [restartedMain] j.LocalContainerEntityManagerFactoryBean : Initialized JPA EntityManagerFactory for persistence unit 'secondaryPersistenceUnit'
2022-10-01 14:53:34.753  WARN 15368 --- [restartedMain] JpaBaseConfiguration$JpaWebConfiguration : spring.jpa.open-in-view is enabled by default. Therefore, database queries may be performed during view rendering. Explicitly configure spring.jpa.open-in-view to disable this warning
2022-10-01 14:53:34.816  INFO 15368 --- [restartedMain] pertySourcedRequestMappingHandlerMapping : Mapped URL path [/v2/api-docs] onto method [springfox.documentation.swagger2.web.Swagger2Controller#getDocumentation(String, HttpServletRequest)]
2022-10-01 14:53:34.947  INFO 15368 --- [restartedMain] o.s.b.d.a.OptionalLiveReloadServer       : LiveReload server is running on port 35729
2022-10-01 14:53:35.030  WARN 15368 --- [restartedMain] ion$DefaultTemplateResolverConfiguration : Cannot find template location: classpath:/templates/ (please add some templates or check your Thymeleaf configuration)
2022-10-01 14:53:35.057  INFO 15368 --- [restartedMain] o.s.b.w.embedded.tomcat.TomcatWebServer  : Tomcat started on port(s): 8080 (http) with context path ''
2022-10-01 14:53:35.058  INFO 15368 --- [restartedMain] d.s.w.p.DocumentationPluginsBootstrapper : Context refreshed
2022-10-01 14:53:35.059  INFO 15368 --- [restartedMain] d.s.w.p.DocumentationPluginsBootstrapper : Found 1 custom documentation plugin(s)
2022-10-01 14:53:35.066  INFO 15368 --- [restartedMain] s.d.s.w.s.ApiListingReferenceScanner     : Scanning for api listing references
2022-10-01 14:53:35.111  INFO 15368 --- [restartedMain] .d.s.w.r.o.CachingOperationNameGenerator : Generating unique operation named: indextUsingGET_1
2022-10-01 14:53:35.116  INFO 15368 --- [restartedMain] .d.s.w.r.o.CachingOperationNameGenerator : Generating unique operation named: BuscarUsingGET_1
2022-10-01 14:53:35.117  INFO 15368 --- [restartedMain] .d.s.w.r.o.CachingOperationNameGenerator : Generating unique operation named: EliminarUsingDELETE_1
2022-10-01 14:53:35.120  INFO 15368 --- [restartedMain] .d.s.w.r.o.CachingOperationNameGenerator : Generating unique operation named: GuardarUsingPOST_1
2022-10-01 14:53:35.122  INFO 15368 --- [restartedMain] .d.s.w.r.o.CachingOperationNameGenerator : Generating unique operation named: indextUsingGET_2
2022-10-01 14:53:35.124  INFO 15368 --- [restartedMain] .d.s.w.r.o.CachingOperationNameGenerator : Generating unique operation named: indextUsingGET_3
2022-10-01 14:53:35.138  INFO 15368 --- [restartedMain] .d.s.w.r.o.CachingOperationNameGenerator : Generating unique operation named: createUsingPOST_1
2022-10-01 14:53:35.139  INFO 15368 --- [restartedMain] .d.s.w.r.o.CachingOperationNameGenerator : Generating unique operation named: deleteUsingPUT_1
2022-10-01 14:53:35.140  INFO 15368 --- [restartedMain] .d.s.w.r.o.CachingOperationNameGenerator : Generating unique operation named: indexUsingGET_1
2022-10-01 14:53:35.142  INFO 15368 --- [restartedMain] .d.s.w.r.o.CachingOperationNameGenerator : Generating unique operation named: showUsingGET_1
2022-10-01 14:53:35.146  INFO 15368 --- [restartedMain] .d.s.w.r.o.CachingOperationNameGenerator : Generating unique operation named: createUsingPOST_2
2022-10-01 14:53:35.147  INFO 15368 --- [restartedMain] .d.s.w.r.o.CachingOperationNameGenerator : Generating unique operation named: deleteUsingPUT_2
2022-10-01 14:53:35.148  INFO 15368 --- [restartedMain] .d.s.w.r.o.CachingOperationNameGenerator : Generating unique operation named: indexUsingGET_2
2022-10-01 14:53:35.150  INFO 15368 --- [restartedMain] .d.s.w.r.o.CachingOperationNameGenerator : Generating unique operation named: showUsingGET_2
2022-10-01 14:53:35.154  INFO 15368 --- [restartedMain] .d.s.w.r.o.CachingOperationNameGenerator : Generating unique operation named: createUsingPOST_3
2022-10-01 14:53:35.156  INFO 15368 --- [restartedMain] .d.s.w.r.o.CachingOperationNameGenerator : Generating unique operation named: deleteUsingPUT_3
2022-10-01 14:53:35.157  INFO 15368 --- [restartedMain] .d.s.w.r.o.CachingOperationNameGenerator : Generating unique operation named: indexUsingGET_3
2022-10-01 14:53:35.159  INFO 15368 --- [restartedMain] .d.s.w.r.o.CachingOperationNameGenerator : Generating unique operation named: showUsingGET_3
2022-10-01 14:53:35.165  INFO 15368 --- [restartedMain] .d.s.w.r.o.CachingOperationNameGenerator : Generating unique operation named: createUsingPOST_4
2022-10-01 14:53:35.166  INFO 15368 --- [restartedMain] .d.s.w.r.o.CachingOperationNameGenerator : Generating unique operation named: deleteUsingPUT_4
2022-10-01 14:53:35.168  INFO 15368 --- [restartedMain] .d.s.w.r.o.CachingOperationNameGenerator : Generating unique operation named: indexUsingGET_4
2022-10-01 14:53:35.170  INFO 15368 --- [restartedMain] .d.s.w.r.o.CachingOperationNameGenerator : Generating unique operation named: showUsingGET_4
2022-10-01 14:53:35.177  INFO 15368 --- [restartedMain] .d.s.w.r.o.CachingOperationNameGenerator : Generating unique operation named: createUsingPOST_5
2022-10-01 14:53:35.180  INFO 15368 --- [restartedMain] .d.s.w.r.o.CachingOperationNameGenerator : Generating unique operation named: deleteUsingPUT_5
2022-10-01 14:53:35.182  INFO 15368 --- [restartedMain] .d.s.w.r.o.CachingOperationNameGenerator : Generating unique operation named: indexUsingGET_5
2022-10-01 14:53:35.185  INFO 15368 --- [restartedMain] .d.s.w.r.o.CachingOperationNameGenerator : Generating unique operation named: showUsingGET_5
2022-10-01 14:53:35.190  INFO 15368 --- [restartedMain] .d.s.w.r.o.CachingOperationNameGenerator : Generating unique operation named: createUsingPOST_6
2022-10-01 14:53:35.192  INFO 15368 --- [restartedMain] .d.s.w.r.o.CachingOperationNameGenerator : Generating unique operation named: deleteUsingPUT_6
2022-10-01 14:53:35.194  INFO 15368 --- [restartedMain] .d.s.w.r.o.CachingOperationNameGenerator : Generating unique operation named: indexUsingGET_6
2022-10-01 14:53:35.195  INFO 15368 --- [restartedMain] .d.s.w.r.o.CachingOperationNameGenerator : Generating unique operation named: showUsingGET_6
2022-10-01 14:53:35.201  INFO 15368 --- [restartedMain] .d.s.w.r.o.CachingOperationNameGenerator : Generating unique operation named: createUsingPOST_7
2022-10-01 14:53:35.210  INFO 15368 --- [restartedMain] .d.s.w.r.o.CachingOperationNameGenerator : Generating unique operation named: deleteUsingPUT_7
2022-10-01 14:53:35.212  INFO 15368 --- [restartedMain] .d.s.w.r.o.CachingOperationNameGenerator : Generating unique operation named: indexUsingGET_7
2022-10-01 14:53:35.214  INFO 15368 --- [restartedMain] .d.s.w.r.o.CachingOperationNameGenerator : Generating unique operation named: showUsingGET_7
2022-10-01 14:53:35.242  INFO 15368 --- [restartedMain] .d.s.w.r.o.CachingOperationNameGenerator : Generating unique operation named: createUsingPOST_8
2022-10-01 14:53:35.243  INFO 15368 --- [restartedMain] .d.s.w.r.o.CachingOperationNameGenerator : Generating unique operation named: deleteUsingPUT_8
2022-10-01 14:53:35.245  INFO 15368 --- [restartedMain] .d.s.w.r.o.CachingOperationNameGenerator : Generating unique operation named: indexUsingGET_8
2022-10-01 14:53:35.246  INFO 15368 --- [restartedMain] .d.s.w.r.o.CachingOperationNameGenerator : Generating unique operation named: showUsingGET_8
2022-10-01 14:53:35.252  INFO 15368 --- [restartedMain] .d.s.w.r.o.CachingOperationNameGenerator : Generating unique operation named: createUsingPOST_9
2022-10-01 14:53:35.253  INFO 15368 --- [restartedMain] .d.s.w.r.o.CachingOperationNameGenerator : Generating unique operation named: deleteUsingPUT_9
2022-10-01 14:53:35.255  INFO 15368 --- [restartedMain] .d.s.w.r.o.CachingOperationNameGenerator : Generating unique operation named: indexUsingGET_9
2022-10-01 14:53:35.257  INFO 15368 --- [restartedMain] .d.s.w.r.o.CachingOperationNameGenerator : Generating unique operation named: showUsingGET_9
2022-10-01 14:53:35.262  INFO 15368 --- [restartedMain] .d.s.w.r.o.CachingOperationNameGenerator : Generating unique operation named: createUsingPOST_10
2022-10-01 14:53:35.263  INFO 15368 --- [restartedMain] .d.s.w.r.o.CachingOperationNameGenerator : Generating unique operation named: deleteUsingPUT_10
2022-10-01 14:53:35.265  INFO 15368 --- [restartedMain] .d.s.w.r.o.CachingOperationNameGenerator : Generating unique operation named: indexUsingGET_10
2022-10-01 14:53:35.267  INFO 15368 --- [restartedMain] .d.s.w.r.o.CachingOperationNameGenerator : Generating unique operation named: showUsingGET_10
2022-10-01 14:53:35.273  INFO 15368 --- [restartedMain] .d.s.w.r.o.CachingOperationNameGenerator : Generating unique operation named: createUsingPOST_11
2022-10-01 14:53:35.274  INFO 15368 --- [restartedMain] .d.s.w.r.o.CachingOperationNameGenerator : Generating unique operation named: deleteUsingPUT_11
2022-10-01 14:53:35.276  INFO 15368 --- [restartedMain] .d.s.w.r.o.CachingOperationNameGenerator : Generating unique operation named: indexUsingGET_11
2022-10-01 14:53:35.278  INFO 15368 --- [restartedMain] .d.s.w.r.o.CachingOperationNameGenerator : Generating unique operation named: showUsingGET_11
2022-10-01 14:53:35.285  INFO 15368 --- [restartedMain] .d.s.w.r.o.CachingOperationNameGenerator : Generating unique operation named: createUsingPOST_12
2022-10-01 14:53:35.286  INFO 15368 --- [restartedMain] .d.s.w.r.o.CachingOperationNameGenerator : Generating unique operation named: deleteUsingPUT_12
2022-10-01 14:53:35.288  INFO 15368 --- [restartedMain] .d.s.w.r.o.CachingOperationNameGenerator : Generating unique operation named: indexUsingGET_12
2022-10-01 14:53:35.290  INFO 15368 --- [restartedMain] .d.s.w.r.o.CachingOperationNameGenerator : Generating unique operation named: showUsingGET_12
2022-10-01 14:53:35.296  INFO 15368 --- [restartedMain] .d.s.w.r.o.CachingOperationNameGenerator : Generating unique operation named: createUsingPOST_13
2022-10-01 14:53:35.300  INFO 15368 --- [restartedMain] .d.s.w.r.o.CachingOperationNameGenerator : Generating unique operation named: indexUsingGET_13
2022-10-01 14:53:35.302  INFO 15368 --- [restartedMain] .d.s.w.r.o.CachingOperationNameGenerator : Generating unique operation named: showUsingGET_13
2022-10-01 14:53:35.311  INFO 15368 --- [restartedMain] .d.s.w.r.o.CachingOperationNameGenerator : Generating unique operation named: createUsingPOST_14
2022-10-01 14:53:35.313  INFO 15368 --- [restartedMain] .d.s.w.r.o.CachingOperationNameGenerator : Generating unique operation named: deleteUsingPUT_13
2022-10-01 14:53:35.315  INFO 15368 --- [restartedMain] .d.s.w.r.o.CachingOperationNameGenerator : Generating unique operation named: indexUsingGET_14
2022-10-01 14:53:35.317  INFO 15368 --- [restartedMain] .d.s.w.r.o.CachingOperationNameGenerator : Generating unique operation named: showUsingGET_14
2022-10-01 14:53:35.331  INFO 15368 --- [restartedMain] .d.s.w.r.o.CachingOperationNameGenerator : Generating unique operation named: indexUsingGET_15
2022-10-01 14:53:35.337  INFO 15368 --- [restartedMain] .d.s.w.r.o.CachingOperationNameGenerator : Generating unique operation named: createUsingPOST_15
2022-10-01 14:53:35.339  INFO 15368 --- [restartedMain] .d.s.w.r.o.CachingOperationNameGenerator : Generating unique operation named: deleteUsingPUT_14
2022-10-01 14:53:35.340  INFO 15368 --- [restartedMain] .d.s.w.r.o.CachingOperationNameGenerator : Generating unique operation named: indexUsingGET_16
2022-10-01 14:53:35.342  INFO 15368 --- [restartedMain] .d.s.w.r.o.CachingOperationNameGenerator : Generating unique operation named: showUsingGET_15
2022-10-01 14:53:35.359  INFO 15368 --- [restartedMain] .d.s.w.r.o.CachingOperationNameGenerator : Generating unique operation named: createUsingPOST_16
2022-10-01 14:53:35.361  INFO 15368 --- [restartedMain] .d.s.w.r.o.CachingOperationNameGenerator : Generating unique operation named: deleteUsingPUT_15
2022-10-01 14:53:35.362  INFO 15368 --- [restartedMain] .d.s.w.r.o.CachingOperationNameGenerator : Generating unique operation named: indexUsingGET_17
2022-10-01 14:53:35.364  INFO 15368 --- [restartedMain] .d.s.w.r.o.CachingOperationNameGenerator : Generating unique operation named: showUsingGET_16
2022-10-01 14:53:35.369  INFO 15368 --- [restartedMain] .d.s.w.r.o.CachingOperationNameGenerator : Generating unique operation named: createUsingPOST_17
2022-10-01 14:53:35.371  INFO 15368 --- [restartedMain] .d.s.w.r.o.CachingOperationNameGenerator : Generating unique operation named: deleteUsingPUT_16
2022-10-01 14:53:35.373  INFO 15368 --- [restartedMain] .d.s.w.r.o.CachingOperationNameGenerator : Generating unique operation named: indexUsingGET_18
2022-10-01 14:53:35.375  INFO 15368 --- [restartedMain] .d.s.w.r.o.CachingOperationNameGenerator : Generating unique operation named: showUsingGET_17
2022-10-01 14:53:35.381  INFO 15368 --- [restartedMain] .d.s.w.r.o.CachingOperationNameGenerator : Generating unique operation named: createUsingPOST_18
2022-10-01 14:53:35.382  INFO 15368 --- [restartedMain] .d.s.w.r.o.CachingOperationNameGenerator : Generating unique operation named: deleteUsingDELETE_1
2022-10-01 14:53:35.384  INFO 15368 --- [restartedMain] .d.s.w.r.o.CachingOperationNameGenerator : Generating unique operation named: indexUsingGET_19
2022-10-01 14:53:35.386  INFO 15368 --- [restartedMain] .d.s.w.r.o.CachingOperationNameGenerator : Generating unique operation named: showUsingGET_18
2022-10-01 14:53:35.388  INFO 15368 --- [restartedMain] .d.s.w.r.o.CachingOperationNameGenerator : Generating unique operation named: updateUsingPUT_1
2022-10-01 14:53:35.394  INFO 15368 --- [restartedMain] .d.s.w.r.o.CachingOperationNameGenerator : Generating unique operation named: createUsingPOST_19
2022-10-01 14:53:35.396  INFO 15368 --- [restartedMain] .d.s.w.r.o.CachingOperationNameGenerator : Generating unique operation named: deleteUsingPUT_17
2022-10-01 14:53:35.398  INFO 15368 --- [restartedMain] .d.s.w.r.o.CachingOperationNameGenerator : Generating unique operation named: findbyconvUsingGET_1
2022-10-01 14:53:35.400  INFO 15368 --- [restartedMain] .d.s.w.r.o.CachingOperationNameGenerator : Generating unique operation named: indexUsingGET_20
2022-10-01 14:53:35.402  INFO 15368 --- [restartedMain] .d.s.w.r.o.CachingOperationNameGenerator : Generating unique operation named: showUsingGET_19
2022-10-01 14:53:35.411  INFO 15368 --- [restartedMain] .d.s.w.r.o.CachingOperationNameGenerator : Generating unique operation named: createUsingPOST_20
2022-10-01 14:53:35.413  INFO 15368 --- [restartedMain] .d.s.w.r.o.CachingOperationNameGenerator : Generating unique operation named: deleteUsingDELETE_2
2022-10-01 14:53:35.416  INFO 15368 --- [restartedMain] .d.s.w.r.o.CachingOperationNameGenerator : Generating unique operation named: indexUsingGET_21
2022-10-01 14:53:35.418  INFO 15368 --- [restartedMain] .d.s.w.r.o.CachingOperationNameGenerator : Generating unique operation named: showUsingGET_20
2022-10-01 14:53:35.421  INFO 15368 --- [restartedMain] .d.s.w.r.o.CachingOperationNameGenerator : Generating unique operation named: updateUsingPUT_2
2022-10-01 14:53:35.429  INFO 15368 --- [restartedMain] .d.s.w.r.o.CachingOperationNameGenerator : Generating unique operation named: createUsingPOST_21
2022-10-01 14:53:35.432  INFO 15368 --- [restartedMain] .d.s.w.r.o.CachingOperationNameGenerator : Generating unique operation named: deleteUsingDELETE_3
2022-10-01 14:53:35.434  INFO 15368 --- [restartedMain] .d.s.w.r.o.CachingOperationNameGenerator : Generating unique operation named: indexUsingGET_22
2022-10-01 14:53:35.437  INFO 15368 --- [restartedMain] .d.s.w.r.o.CachingOperationNameGenerator : Generating unique operation named: showUsingGET_21
2022-10-01 14:53:35.440  INFO 15368 --- [restartedMain] .d.s.w.r.o.CachingOperationNameGenerator : Generating unique operation named: updateUsingPUT_3
2022-10-01 14:53:35.447  INFO 15368 --- [restartedMain] .d.s.w.r.o.CachingOperationNameGenerator : Generating unique operation named: createUsingPOST_22
2022-10-01 14:53:35.448  INFO 15368 --- [restartedMain] .d.s.w.r.o.CachingOperationNameGenerator : Generating unique operation named: deleteUsingPUT_18
2022-10-01 14:53:35.450  INFO 15368 --- [restartedMain] .d.s.w.r.o.CachingOperationNameGenerator : Generating unique operation named: indexUsingGET_23
2022-10-01 14:53:35.453  INFO 15368 --- [restartedMain] .d.s.w.r.o.CachingOperationNameGenerator : Generating unique operation named: showUsingGET_22
2022-10-01 14:53:35.455  INFO 15368 --- [restartedMain] .d.s.w.r.o.CachingOperationNameGenerator : Generating unique operation named: openapiJsonUsingGET_1
2022-10-01 14:53:35.463  INFO 15368 --- [restartedMain] .d.s.w.r.o.CachingOperationNameGenerator : Generating unique operation named: createUsingPOST_23
2022-10-01 14:53:35.465  INFO 15368 --- [restartedMain] .d.s.w.r.o.CachingOperationNameGenerator : Generating unique operation named: deleteUsingDELETE_4
2022-10-01 14:53:35.466  INFO 15368 --- [restartedMain] .d.s.w.r.o.CachingOperationNameGenerator : Generating unique operation named: indexUsingGET_24
2022-10-01 14:53:35.468  INFO 15368 --- [restartedMain] .d.s.w.r.o.CachingOperationNameGenerator : Generating unique operation named: showUsingGET_23
2022-10-01 14:53:35.471  INFO 15368 --- [restartedMain] .d.s.w.r.o.CachingOperationNameGenerator : Generating unique operation named: indexUsingGET_25
2022-10-01 14:53:35.473  INFO 15368 --- [restartedMain] .d.s.w.r.o.CachingOperationNameGenerator : Generating unique operation named: showUsingGET_24
2022-10-01 14:53:35.478  INFO 15368 --- [restartedMain] .d.s.w.r.o.CachingOperationNameGenerator : Generating unique operation named: indexUsingGET_26
2022-10-01 14:53:35.481  INFO 15368 --- [restartedMain] .d.s.w.r.o.CachingOperationNameGenerator : Generating unique operation named: findbyconvUsingGET_2
2022-10-01 14:53:35.484  INFO 15368 --- [restartedMain] .d.s.w.r.o.CachingOperationNameGenerator : Generating unique operation named: indexUsingGET_27
2022-10-01 14:53:35.489  INFO 15368 --- [restartedMain] .d.s.w.r.o.CachingOperationNameGenerator : Generating unique operation named: buscarXidUsingGET_1
2022-10-01 14:53:35.490  INFO 15368 --- [restartedMain] .d.s.w.r.o.CachingOperationNameGenerator : Generating unique operation named: indexUsingGET_28
2022-10-01 14:53:35.495  INFO 15368 --- [restartedMain] .d.s.w.r.o.CachingOperationNameGenerator : Generating unique operation named: buscarXidUsingGET_2
2022-10-01 14:53:35.497  INFO 15368 --- [restartedMain] .d.s.w.r.o.CachingOperationNameGenerator : Generating unique operation named: indexUsingGET_29
2022-10-01 14:53:35.500  INFO 15368 --- [restartedMain] .d.s.w.r.o.CachingOperationNameGenerator : Generating unique operation named: indexUsingGET_30
2022-10-01 14:53:35.505  INFO 15368 --- [restartedMain] .d.s.w.r.o.CachingOperationNameGenerator : Generating unique operation named: indexUsingGET_31
2022-10-01 14:53:35.512  INFO 15368 --- [restartedMain] i.t.p.ProyectoPrepofesionalesApplication : Started ProyectoPrepofesionalesApplication in 3.47 seconds (JVM running for 547.907)
2022-10-01 14:53:35.514  INFO 15368 --- [restartedMain] .ConditionEvaluationDeltaLoggingListener : Condition evaluation unchanged
2022-10-01 14:53:39.001  INFO 15368 --- [http-nio-8080-exec-1] o.a.c.c.C.[Tomcat].[localhost].[/]       : Initializing Spring DispatcherServlet 'dispatcherServlet'
2022-10-01 14:53:39.002  INFO 15368 --- [http-nio-8080-exec-1] o.s.web.servlet.DispatcherServlet        : Initializing Servlet 'dispatcherServlet'
2022-10-01 14:53:39.006  INFO 15368 --- [http-nio-8080-exec-1] o.s.web.servlet.DispatcherServlet        : Completed initialization in 4 ms
